{"/home/ritiC/Documents/blinklist/my-blinkist/src/App.tsx": {"path":"/home/ritiC/Documents/blinklist/my-blinkist/src/App.tsx","statementMap":{"0":{"start":{"line":11,"column":39},"end":{"line":11,"column":49}},"1":{"start":{"line":12,"column":2},"end":{"line":14,"column":3}},"2":{"start":{"line":13,"column":4},"end":{"line":13,"column":32}},"3":{"start":{"line":15,"column":2},"end":{"line":28,"column":3}},"4":{"start":{"line":16,"column":4},"end":{"line":25,"column":6}},"5":{"start":{"line":27,"column":4},"end":{"line":27,"column":23}}},"fnMap":{"0":{"name":"App","decl":{"start":{"line":10,"column":9},"end":{"line":10,"column":12}},"loc":{"start":{"line":10,"column":15},"end":{"line":29,"column":1}},"line":10}},"branchMap":{"0":{"loc":{"start":{"line":12,"column":2},"end":{"line":14,"column":3}},"type":"if","locations":[{"start":{"line":12,"column":2},"end":{"line":14,"column":3}},{"start":{},"end":{}}],"line":12},"1":{"loc":{"start":{"line":15,"column":2},"end":{"line":28,"column":3}},"type":"if","locations":[{"start":{"line":15,"column":2},"end":{"line":28,"column":3}},{"start":{"line":26,"column":7},"end":{"line":28,"column":3}}],"line":15}},"s":{"0":0,"1":0,"2":0,"3":0,"4":0,"5":0},"f":{"0":0},"b":{"0":[0,0],"1":[0,0]}}
,"/home/ritiC/Documents/blinklist/my-blinkist/src/Icons.tsx": {"path":"/home/ritiC/Documents/blinklist/my-blinkist/src/Icons.tsx","statementMap":{"0":{"start":{"line":4,"column":24},"end":{"line":7,"column":1}},"1":{"start":{"line":9,"column":24},"end":{"line":15,"column":1}},"2":{"start":{"line":17,"column":23},"end":{"line":20,"column":1}},"3":{"start":{"line":22,"column":26},"end":{"line":25,"column":1}},"4":{"start":{"line":27,"column":29},"end":{"line":30,"column":1}},"5":{"start":{"line":32,"column":21},"end":{"line":35,"column":1}},"6":{"start":{"line":37,"column":21},"end":{"line":40,"column":1}},"7":{"start":{"line":42,"column":21},"end":{"line":45,"column":1}},"8":{"start":{"line":47,"column":21},"end":{"line":50,"column":1}},"9":{"start":{"line":52,"column":30},"end":{"line":58,"column":1}},"10":{"start":{"line":60,"column":27},"end":{"line":63,"column":1}},"11":{"start":{"line":65,"column":24},"end":{"line":68,"column":1}},"12":{"start":{"line":70,"column":32},"end":{"line":76,"column":1}},"13":{"start":{"line":78,"column":24},"end":{"line":84,"column":1}},"14":{"start":{"line":85,"column":23},"end":{"line":91,"column":1}},"15":{"start":{"line":93,"column":26},"end":{"line":99,"column":1}},"16":{"start":{"line":100,"column":28},"end":{"line":106,"column":1}},"17":{"start":{"line":108,"column":23},"end":{"line":114,"column":1}},"18":{"start":{"line":115,"column":27},"end":{"line":121,"column":1}},"19":{"start":{"line":123,"column":27},"end":{"line":129,"column":1}},"20":{"start":{"line":130,"column":23},"end":{"line":136,"column":1}},"21":{"start":{"line":138,"column":26},"end":{"line":144,"column":1}},"22":{"start":{"line":145,"column":22},"end":{"line":151,"column":1}},"23":{"start":{"line":153,"column":23},"end":{"line":159,"column":1}},"24":{"start":{"line":161,"column":25},"end":{"line":167,"column":1}},"25":{"start":{"line":169,"column":21},"end":{"line":175,"column":1}},"26":{"start":{"line":176,"column":29},"end":{"line":182,"column":1}},"27":{"start":{"line":184,"column":24},"end":{"line":190,"column":1}},"28":{"start":{"line":191,"column":25},"end":{"line":197,"column":1}},"29":{"start":{"line":199,"column":28},"end":{"line":205,"column":1}}},"fnMap":{},"branchMap":{},"s":{"0":4,"1":4,"2":4,"3":4,"4":4,"5":4,"6":4,"7":4,"8":4,"9":4,"10":4,"11":4,"12":4,"13":4,"14":4,"15":4,"16":4,"17":4,"18":4,"19":4,"20":4,"21":4,"22":4,"23":4,"24":4,"25":4,"26":4,"27":4,"28":4,"29":4},"f":{},"b":{},"_coverageSchema":"1a1c01bbd47fc00a2c39e90264f33305004495a9","hash":"cdb84db4d535b68901457d646d0dd5ae3ccaff5e"}
,"/home/ritiC/Documents/blinklist/my-blinkist/src/index.tsx": {"path":"/home/ritiC/Documents/blinklist/my-blinkist/src/index.tsx","statementMap":{"0":{"start":{"line":7,"column":15},"end":{"line":7,"column":49}},"1":{"start":{"line":8,"column":17},"end":{"line":8,"column":54}},"2":{"start":{"line":10,"column":13},"end":{"line":12,"column":1}},"3":{"start":{"line":13,"column":0},"end":{"line":21,"column":2}},"4":{"start":{"line":26,"column":0},"end":{"line":26,"column":18}}},"fnMap":{},"branchMap":{},"s":{"0":0,"1":0,"2":0,"3":0,"4":0},"f":{},"b":{}}
,"/home/ritiC/Documents/blinklist/my-blinkist/src/reportWebVitals.ts": {"path":"/home/ritiC/Documents/blinklist/my-blinkist/src/reportWebVitals.ts","statementMap":{"0":{"start":{"line":3,"column":24},"end":{"line":13,"column":1}},"1":{"start":{"line":4,"column":2},"end":{"line":12,"column":3}},"2":{"start":{"line":5,"column":4},"end":{"line":11,"column":7}},"3":{"start":{"line":6,"column":6},"end":{"line":6,"column":26}},"4":{"start":{"line":7,"column":6},"end":{"line":7,"column":26}},"5":{"start":{"line":8,"column":6},"end":{"line":8,"column":26}},"6":{"start":{"line":9,"column":6},"end":{"line":9,"column":26}},"7":{"start":{"line":10,"column":6},"end":{"line":10,"column":27}}},"fnMap":{"0":{"name":"(anonymous_0)","decl":{"start":{"line":3,"column":24},"end":{"line":3,"column":25}},"loc":{"start":{"line":3,"column":57},"end":{"line":13,"column":1}},"line":3},"1":{"name":"(anonymous_1)","decl":{"start":{"line":5,"column":30},"end":{"line":5,"column":31}},"loc":{"start":{"line":5,"column":79},"end":{"line":11,"column":5}},"line":5}},"branchMap":{"0":{"loc":{"start":{"line":4,"column":2},"end":{"line":12,"column":3}},"type":"if","locations":[{"start":{"line":4,"column":2},"end":{"line":12,"column":3}},{"start":{},"end":{}}],"line":4},"1":{"loc":{"start":{"line":4,"column":6},"end":{"line":4,"column":52}},"type":"binary-expr","locations":[{"start":{"line":4,"column":6},"end":{"line":4,"column":17}},{"start":{"line":4,"column":21},"end":{"line":4,"column":52}}],"line":4}},"s":{"0":0,"1":0,"2":0,"3":0,"4":0,"5":0,"6":0,"7":0},"f":{"0":0,"1":0},"b":{"0":[0,0],"1":[0,0]}}
,"/home/ritiC/Documents/blinklist/my-blinkist/src/AllData/BooksData.tsx": {"path":"/home/ritiC/Documents/blinklist/my-blinkist/src/AllData/BooksData.tsx","statementMap":{"0":{"start":{"line":14,"column":17},"end":{"line":187,"column":1}}},"fnMap":{},"branchMap":{},"s":{"0":0},"f":{},"b":{}}
,"/home/ritiC/Documents/blinklist/my-blinkist/src/AllData/ExpandedNavData.tsx": {"path":"/home/ritiC/Documents/blinklist/my-blinkist/src/AllData/ExpandedNavData.tsx","statementMap":{"0":{"start":{"line":20,"column":22},"end":{"line":95,"column":1}}},"fnMap":{},"branchMap":{},"s":{"0":0},"f":{},"b":{}}
,"/home/ritiC/Documents/blinklist/my-blinkist/src/AllData/Url.tsx": {"path":"/home/ritiC/Documents/blinklist/my-blinkist/src/AllData/Url.tsx","statementMap":{"0":{"start":{"line":1,"column":12},"end":{"line":1,"column":35}}},"fnMap":{},"branchMap":{},"s":{"0":0},"f":{},"b":{}}
,"/home/ritiC/Documents/blinklist/my-blinkist/src/Components/Atom/Icons/Index.stories.tsx": {"path":"/home/ritiC/Documents/blinklist/my-blinkist/src/Components/Atom/Icons/Index.stories.tsx","statementMap":{"0":{"start":{"line":12,"column":48},"end":{"line":14,"column":1}},"1":{"start":{"line":13,"column":4},"end":{"line":13,"column":22}},"2":{"start":{"line":16,"column":31},"end":{"line":16,"column":48}},"3":{"start":{"line":17,"column":0},"end":{"line":19,"column":1}},"4":{"start":{"line":21,"column":34},"end":{"line":21,"column":51}},"5":{"start":{"line":22,"column":0},"end":{"line":24,"column":2}}},"fnMap":{"0":{"name":"(anonymous_0)","decl":{"start":{"line":12,"column":48},"end":{"line":12,"column":49}},"loc":{"start":{"line":13,"column":4},"end":{"line":13,"column":22}},"line":13}},"branchMap":{},"s":{"0":0,"1":0,"2":0,"3":0,"4":0,"5":0},"f":{"0":0},"b":{}}
,"/home/ritiC/Documents/blinklist/my-blinkist/src/Components/Atom/Icons/Index.tsx": {"path":"/home/ritiC/Documents/blinklist/my-blinkist/src/Components/Atom/Icons/Index.tsx","statementMap":{"0":{"start":{"line":11,"column":14},"end":{"line":17,"column":1}},"1":{"start":{"line":12,"column":4},"end":{"line":16,"column":5}}},"fnMap":{"0":{"name":"(anonymous_0)","decl":{"start":{"line":11,"column":14},"end":{"line":11,"column":15}},"loc":{"start":{"line":11,"column":33},"end":{"line":17,"column":1}},"line":11}},"branchMap":{},"s":{"0":2,"1":5},"f":{"0":5},"b":{},"_coverageSchema":"1a1c01bbd47fc00a2c39e90264f33305004495a9","hash":"4b7adca2e7287ef77ef88bbd4ef97e23dbbcdf37"}
,"/home/ritiC/Documents/blinklist/my-blinkist/src/Components/Atom/Logo/Index.stories.tsx": {"path":"/home/ritiC/Documents/blinklist/my-blinkist/src/Components/Atom/Logo/Index.stories.tsx","statementMap":{"0":{"start":{"line":11,"column":47},"end":{"line":13,"column":1}},"1":{"start":{"line":12,"column":4},"end":{"line":12,"column":21}},"2":{"start":{"line":16,"column":25},"end":{"line":16,"column":42}}},"fnMap":{"0":{"name":"(anonymous_0)","decl":{"start":{"line":11,"column":47},"end":{"line":11,"column":48}},"loc":{"start":{"line":12,"column":4},"end":{"line":12,"column":21}},"line":12}},"branchMap":{},"s":{"0":0,"1":0,"2":0},"f":{"0":0},"b":{}}
,"/home/ritiC/Documents/blinklist/my-blinkist/src/Components/Atom/Logo/Index.tsx": {"path":"/home/ritiC/Documents/blinklist/my-blinkist/src/Components/Atom/Logo/Index.tsx","statementMap":{"0":{"start":{"line":11,"column":18},"end":{"line":15,"column":1}},"1":{"start":{"line":12,"column":2},"end":{"line":14,"column":3}}},"fnMap":{"0":{"name":"(anonymous_0)","decl":{"start":{"line":11,"column":18},"end":{"line":11,"column":19}},"loc":{"start":{"line":11,"column":36},"end":{"line":15,"column":1}},"line":11}},"branchMap":{},"s":{"0":1,"1":1},"f":{"0":1},"b":{},"_coverageSchema":"1a1c01bbd47fc00a2c39e90264f33305004495a9","hash":"21520bd5c51ced425c84673bde7a4f2e2331e2c7"}
,"/home/ritiC/Documents/blinklist/my-blinkist/src/Components/Atom/Typography/Index.stories.tsx": {"path":"/home/ritiC/Documents/blinklist/my-blinkist/src/Components/Atom/Typography/Index.stories.tsx","statementMap":{"0":{"start":{"line":10,"column":61},"end":{"line":12,"column":1}},"1":{"start":{"line":11,"column":4},"end":{"line":11,"column":36}},"2":{"start":{"line":14,"column":23},"end":{"line":14,"column":40}},"3":{"start":{"line":16,"column":0},"end":{"line":19,"column":1}}},"fnMap":{"0":{"name":"(anonymous_0)","decl":{"start":{"line":10,"column":61},"end":{"line":10,"column":62}},"loc":{"start":{"line":11,"column":4},"end":{"line":11,"column":36}},"line":11}},"branchMap":{},"s":{"0":0,"1":0,"2":0,"3":0},"f":{"0":0},"b":{}}
,"/home/ritiC/Documents/blinklist/my-blinkist/src/Components/Atom/Typography/Index.tsx": {"path":"/home/ritiC/Documents/blinklist/my-blinkist/src/Components/Atom/Typography/Index.tsx","statementMap":{"0":{"start":{"line":23,"column":28},"end":{"line":29,"column":1}},"1":{"start":{"line":24,"column":4},"end":{"line":28,"column":5}}},"fnMap":{"0":{"name":"(anonymous_0)","decl":{"start":{"line":23,"column":28},"end":{"line":23,"column":29}},"loc":{"start":{"line":23,"column":57},"end":{"line":29,"column":1}},"line":23}},"branchMap":{},"s":{"0":1,"1":1},"f":{"0":1},"b":{},"_coverageSchema":"1a1c01bbd47fc00a2c39e90264f33305004495a9","hash":"02ffac15e8afbf2844a3d39a8a33794ca01b81c6"}
,"/home/ritiC/Documents/blinklist/my-blinkist/src/Components/Molecule/Banner/Index.stories.tsx": {"path":"/home/ritiC/Documents/blinklist/my-blinkist/src/Components/Molecule/Banner/Index.stories.tsx","statementMap":{"0":{"start":{"line":10,"column":49},"end":{"line":12,"column":1}},"1":{"start":{"line":11,"column":4},"end":{"line":11,"column":24}},"2":{"start":{"line":14,"column":26},"end":{"line":14,"column":43}}},"fnMap":{"0":{"name":"(anonymous_0)","decl":{"start":{"line":10,"column":49},"end":{"line":10,"column":50}},"loc":{"start":{"line":11,"column":4},"end":{"line":11,"column":24}},"line":11}},"branchMap":{},"s":{"0":0,"1":0,"2":0},"f":{"0":0},"b":{}}
,"/home/ritiC/Documents/blinklist/my-blinkist/src/Components/Molecule/Banner/Index.tsx": {"path":"/home/ritiC/Documents/blinklist/my-blinkist/src/Components/Molecule/Banner/Index.tsx","statementMap":{"0":{"start":{"line":17,"column":14},"end":{"line":39,"column":2}},"1":{"start":{"line":41,"column":18},"end":{"line":56,"column":2}},"2":{"start":{"line":58,"column":22},"end":{"line":65,"column":2}},"3":{"start":{"line":67,"column":22},"end":{"line":75,"column":2}},"4":{"start":{"line":77,"column":22},"end":{"line":80,"column":2}},"5":{"start":{"line":82,"column":25},"end":{"line":85,"column":2}},"6":{"start":{"line":87,"column":23},"end":{"line":89,"column":2}},"7":{"start":{"line":91,"column":15},"end":{"line":118,"column":1}},"8":{"start":{"line":92,"column":20},"end":{"line":92,"column":31}},"9":{"start":{"line":93,"column":2},"end":{"line":117,"column":4}}},"fnMap":{"0":{"name":"(anonymous_0)","decl":{"start":{"line":91,"column":15},"end":{"line":91,"column":16}},"loc":{"start":{"line":91,"column":39},"end":{"line":118,"column":1}},"line":91}},"branchMap":{},"s":{"0":1,"1":1,"2":1,"3":1,"4":1,"5":1,"6":1,"7":1,"8":1,"9":1},"f":{"0":1},"b":{},"_coverageSchema":"1a1c01bbd47fc00a2c39e90264f33305004495a9","hash":"987208d1113f9437f31dd43b926dfc69cd052436"}
,"/home/ritiC/Documents/blinklist/my-blinkist/src/Components/Molecule/Buttons/Index.stories.tsx": {"path":"/home/ritiC/Documents/blinklist/my-blinkist/src/Components/Molecule/Buttons/Index.stories.tsx","statementMap":{"0":{"start":{"line":5,"column":44},"end":{"line":11,"column":1}},"1":{"start":{"line":13,"column":49},"end":{"line":13,"column":79}},"2":{"start":{"line":13,"column":59},"end":{"line":13,"column":79}},"3":{"start":{"line":14,"column":31},"end":{"line":14,"column":48}},"4":{"start":{"line":16,"column":0},"end":{"line":20,"column":1}},"5":{"start":{"line":22,"column":31},"end":{"line":22,"column":48}},"6":{"start":{"line":24,"column":0},"end":{"line":27,"column":1}},"7":{"start":{"line":29,"column":26},"end":{"line":29,"column":43}},"8":{"start":{"line":31,"column":0},"end":{"line":34,"column":1}},"9":{"start":{"line":36,"column":31},"end":{"line":36,"column":48}},"10":{"start":{"line":38,"column":0},"end":{"line":42,"column":1}}},"fnMap":{"0":{"name":"(anonymous_0)","decl":{"start":{"line":13,"column":49},"end":{"line":13,"column":50}},"loc":{"start":{"line":13,"column":59},"end":{"line":13,"column":79}},"line":13}},"branchMap":{},"s":{"0":0,"1":0,"2":0,"3":0,"4":0,"5":0,"6":0,"7":0,"8":0,"9":0,"10":0},"f":{"0":0},"b":{}}
,"/home/ritiC/Documents/blinklist/my-blinkist/src/Components/Molecule/Buttons/Index.tsx": {"path":"/home/ritiC/Documents/blinklist/my-blinkist/src/Components/Molecule/Buttons/Index.tsx","statementMap":{"0":{"start":{"line":20,"column":14},"end":{"line":51,"column":2}},"1":{"start":{"line":54,"column":18},"end":{"line":66,"column":2}},"2":{"start":{"line":68,"column":16},"end":{"line":87,"column":1}},"3":{"start":{"line":69,"column":18},"end":{"line":69,"column":29}},"4":{"start":{"line":70,"column":52},"end":{"line":70,"column":57}},"5":{"start":{"line":71,"column":2},"end":{"line":86,"column":4}}},"fnMap":{"0":{"name":"(anonymous_0)","decl":{"start":{"line":68,"column":16},"end":{"line":68,"column":17}},"loc":{"start":{"line":68,"column":34},"end":{"line":87,"column":1}},"line":68}},"branchMap":{},"s":{"0":1,"1":1,"2":1,"3":2,"4":2,"5":2},"f":{"0":2},"b":{},"_coverageSchema":"1a1c01bbd47fc00a2c39e90264f33305004495a9","hash":"5cb557c24f4616ed312a54b9259dc008c57862c6"}
,"/home/ritiC/Documents/blinklist/my-blinkist/src/Components/Molecule/DropDown/Index.stories.tsx": {"path":"/home/ritiC/Documents/blinklist/my-blinkist/src/Components/Molecule/DropDown/Index.stories.tsx","statementMap":{"0":{"start":{"line":9,"column":50},"end":{"line":11,"column":1}},"1":{"start":{"line":10,"column":4},"end":{"line":10,"column":25}},"2":{"start":{"line":13,"column":31},"end":{"line":13,"column":48}},"3":{"start":{"line":14,"column":0},"end":{"line":16,"column":2}},"4":{"start":{"line":18,"column":31},"end":{"line":18,"column":48}},"5":{"start":{"line":19,"column":0},"end":{"line":21,"column":1}}},"fnMap":{"0":{"name":"(anonymous_0)","decl":{"start":{"line":9,"column":50},"end":{"line":9,"column":51}},"loc":{"start":{"line":10,"column":4},"end":{"line":10,"column":25}},"line":10}},"branchMap":{},"s":{"0":0,"1":0,"2":0,"3":0,"4":0,"5":0},"f":{"0":0},"b":{}}
,"/home/ritiC/Documents/blinklist/my-blinkist/src/Components/Molecule/DropDown/Index.tsx": {"path":"/home/ritiC/Documents/blinklist/my-blinkist/src/Components/Molecule/DropDown/Index.tsx","statementMap":{"0":{"start":{"line":15,"column":18},"end":{"line":39,"column":2}},"1":{"start":{"line":41,"column":17},"end":{"line":74,"column":1}},"2":{"start":{"line":42,"column":18},"end":{"line":42,"column":29}},"3":{"start":{"line":43,"column":2},"end":{"line":73,"column":4}}},"fnMap":{"0":{"name":"(anonymous_0)","decl":{"start":{"line":41,"column":17},"end":{"line":41,"column":18}},"loc":{"start":{"line":41,"column":35},"end":{"line":74,"column":1}},"line":41}},"branchMap":{"0":{"loc":{"start":{"line":47,"column":11},"end":{"line":59,"column":11}},"type":"cond-expr","locations":[{"start":{"line":48,"column":12},"end":{"line":54,"column":20}},{"start":{"line":56,"column":12},"end":{"line":58,"column":25}}],"line":47}},"s":{"0":1,"1":1,"2":2,"3":2},"f":{"0":2},"b":{"0":[1,1]},"_coverageSchema":"1a1c01bbd47fc00a2c39e90264f33305004495a9","hash":"709545f7a0fd58f65eab12b9f83e503c16c4f5bc"}
,"/home/ritiC/Documents/blinklist/my-blinkist/src/Components/Molecule/IconButtons/Index.stories.tsx": {"path":"/home/ritiC/Documents/blinklist/my-blinkist/src/Components/Molecule/IconButtons/Index.stories.tsx","statementMap":{"0":{"start":{"line":12,"column":53},"end":{"line":14,"column":1}},"1":{"start":{"line":13,"column":2},"end":{"line":13,"column":26}},"2":{"start":{"line":16,"column":28},"end":{"line":16,"column":45}},"3":{"start":{"line":18,"column":0},"end":{"line":21,"column":2}},"4":{"start":{"line":24,"column":32},"end":{"line":24,"column":49}},"5":{"start":{"line":26,"column":0},"end":{"line":37,"column":2}}},"fnMap":{"0":{"name":"(anonymous_0)","decl":{"start":{"line":12,"column":53},"end":{"line":12,"column":54}},"loc":{"start":{"line":13,"column":2},"end":{"line":13,"column":26}},"line":13}},"branchMap":{},"s":{"0":0,"1":0,"2":0,"3":0,"4":0,"5":0},"f":{"0":0},"b":{}}
,"/home/ritiC/Documents/blinklist/my-blinkist/src/Components/Molecule/IconButtons/Index.tsx": {"path":"/home/ritiC/Documents/blinklist/my-blinkist/src/Components/Molecule/IconButtons/Index.tsx","statementMap":{"0":{"start":{"line":29,"column":18},"end":{"line":40,"column":2}},"1":{"start":{"line":42,"column":20},"end":{"line":57,"column":1}},"2":{"start":{"line":43,"column":18},"end":{"line":43,"column":29}},"3":{"start":{"line":44,"column":2},"end":{"line":56,"column":4}}},"fnMap":{"0":{"name":"(anonymous_0)","decl":{"start":{"line":42,"column":20},"end":{"line":42,"column":21}},"loc":{"start":{"line":42,"column":38},"end":{"line":57,"column":1}},"line":42}},"branchMap":{},"s":{"0":2,"1":2,"2":2,"3":2},"f":{"0":2},"b":{},"_coverageSchema":"1a1c01bbd47fc00a2c39e90264f33305004495a9","hash":"35221a3e5e4e5261ed4adb0be99cad48e80afe7c"}
,"/home/ritiC/Documents/blinklist/my-blinkist/src/Components/Molecule/Lists/Index.stories.tsx": {"path":"/home/ritiC/Documents/blinklist/my-blinkist/src/Components/Molecule/Lists/Index.stories.tsx","statementMap":{"0":{"start":{"line":10,"column":47},"end":{"line":10,"column":62}},"1":{"start":{"line":10,"column":53},"end":{"line":10,"column":62}},"2":{"start":{"line":12,"column":23},"end":{"line":12,"column":40}},"3":{"start":{"line":14,"column":0},"end":{"line":14,"column":18}}},"fnMap":{"0":{"name":"(anonymous_0)","decl":{"start":{"line":10,"column":47},"end":{"line":10,"column":48}},"loc":{"start":{"line":10,"column":53},"end":{"line":10,"column":62}},"line":10}},"branchMap":{},"s":{"0":0,"1":0,"2":0,"3":0},"f":{"0":0},"b":{}}
,"/home/ritiC/Documents/blinklist/my-blinkist/src/Components/Molecule/Lists/Index.tsx": {"path":"/home/ritiC/Documents/blinklist/my-blinkist/src/Components/Molecule/Lists/Index.tsx","statementMap":{"0":{"start":{"line":5,"column":14},"end":{"line":23,"column":2}},"1":{"start":{"line":25,"column":18},"end":{"line":50,"column":2}},"2":{"start":{"line":52,"column":14},"end":{"line":136,"column":1}},"3":{"start":{"line":53,"column":18},"end":{"line":53,"column":29}},"4":{"start":{"line":54,"column":2},"end":{"line":135,"column":4}}},"fnMap":{"0":{"name":"(anonymous_0)","decl":{"start":{"line":52,"column":14},"end":{"line":52,"column":15}},"loc":{"start":{"line":52,"column":20},"end":{"line":136,"column":1}},"line":52}},"branchMap":{},"s":{"0":0,"1":0,"2":0,"3":0,"4":0},"f":{"0":0},"b":{}}
,"/home/ritiC/Documents/blinklist/my-blinkist/src/Components/Molecule/Reads/Index.stories.tsx": {"path":"/home/ritiC/Documents/blinklist/my-blinkist/src/Components/Molecule/Reads/Index.stories.tsx","statementMap":{"0":{"start":{"line":11,"column":48},"end":{"line":13,"column":1}},"1":{"start":{"line":12,"column":4},"end":{"line":12,"column":23}},"2":{"start":{"line":15,"column":25},"end":{"line":15,"column":42}},"3":{"start":{"line":16,"column":0},"end":{"line":22,"column":2}},"4":{"start":{"line":24,"column":20},"end":{"line":24,"column":37}},"5":{"start":{"line":26,"column":0},"end":{"line":34,"column":2}}},"fnMap":{"0":{"name":"(anonymous_0)","decl":{"start":{"line":11,"column":48},"end":{"line":11,"column":49}},"loc":{"start":{"line":12,"column":4},"end":{"line":12,"column":23}},"line":12}},"branchMap":{},"s":{"0":0,"1":0,"2":0,"3":0,"4":0,"5":0},"f":{"0":0},"b":{}}
,"/home/ritiC/Documents/blinklist/my-blinkist/src/Components/Molecule/Reads/Index.tsx": {"path":"/home/ritiC/Documents/blinklist/my-blinkist/src/Components/Molecule/Reads/Index.tsx","statementMap":{"0":{"start":{"line":14,"column":18},"end":{"line":26,"column":2}},"1":{"start":{"line":28,"column":14},"end":{"line":39,"column":1}},"2":{"start":{"line":29,"column":18},"end":{"line":29,"column":29}},"3":{"start":{"line":30,"column":2},"end":{"line":38,"column":4}}},"fnMap":{"0":{"name":"(anonymous_0)","decl":{"start":{"line":28,"column":14},"end":{"line":28,"column":15}},"loc":{"start":{"line":28,"column":32},"end":{"line":39,"column":1}},"line":28}},"branchMap":{},"s":{"0":0,"1":0,"2":0,"3":0},"f":{"0":0},"b":{}}
,"/home/ritiC/Documents/blinklist/my-blinkist/src/Components/Organism/BookDetailTab/Index.stories.tsx": {"path":"/home/ritiC/Documents/blinklist/my-blinkist/src/Components/Organism/BookDetailTab/Index.stories.tsx","statementMap":{"0":{"start":{"line":10,"column":55},"end":{"line":12,"column":1}},"1":{"start":{"line":11,"column":2},"end":{"line":11,"column":29}},"2":{"start":{"line":14,"column":30},"end":{"line":14,"column":47}},"3":{"start":{"line":15,"column":0},"end":{"line":20,"column":2}}},"fnMap":{"0":{"name":"(anonymous_0)","decl":{"start":{"line":10,"column":55},"end":{"line":10,"column":56}},"loc":{"start":{"line":11,"column":2},"end":{"line":11,"column":29}},"line":11}},"branchMap":{},"s":{"0":0,"1":0,"2":0,"3":0},"f":{"0":0},"b":{}}
,"/home/ritiC/Documents/blinklist/my-blinkist/src/Components/Organism/BookDetailTab/Index.tsx": {"path":"/home/ritiC/Documents/blinklist/my-blinkist/src/Components/Organism/BookDetailTab/Index.tsx","statementMap":{"0":{"start":{"line":23,"column":14},"end":{"line":47,"column":2}},"1":{"start":{"line":49,"column":18},"end":{"line":61,"column":2}},"2":{"start":{"line":64,"column":47},"end":{"line":64,"column":52}},"3":{"start":{"line":66,"column":2},"end":{"line":80,"column":4}},"4":{"start":{"line":84,"column":2},"end":{"line":87,"column":4}},"5":{"start":{"line":90,"column":22},"end":{"line":142,"column":1}},"6":{"start":{"line":91,"column":18},"end":{"line":91,"column":29}},"7":{"start":{"line":92,"column":28},"end":{"line":92,"column":45}},"8":{"start":{"line":94,"column":23},"end":{"line":96,"column":3}},"9":{"start":{"line":95,"column":4},"end":{"line":95,"column":23}},"10":{"start":{"line":98,"column":2},"end":{"line":141,"column":4}}},"fnMap":{"0":{"name":"TabPanel","decl":{"start":{"line":63,"column":9},"end":{"line":63,"column":17}},"loc":{"start":{"line":63,"column":40},"end":{"line":81,"column":1}},"line":63},"1":{"name":"a11yProps","decl":{"start":{"line":83,"column":9},"end":{"line":83,"column":18}},"loc":{"start":{"line":83,"column":34},"end":{"line":88,"column":1}},"line":83},"2":{"name":"(anonymous_2)","decl":{"start":{"line":90,"column":22},"end":{"line":90,"column":23}},"loc":{"start":{"line":90,"column":40},"end":{"line":142,"column":1}},"line":90},"3":{"name":"(anonymous_3)","decl":{"start":{"line":94,"column":23},"end":{"line":94,"column":24}},"loc":{"start":{"line":94,"column":74},"end":{"line":96,"column":3}},"line":94}},"branchMap":{"0":{"loc":{"start":{"line":74,"column":7},"end":{"line":78,"column":7}},"type":"binary-expr","locations":[{"start":{"line":74,"column":7},"end":{"line":74,"column":22}},{"start":{"line":75,"column":8},"end":{"line":77,"column":14}}],"line":74}},"s":{"0":0,"1":0,"2":0,"3":0,"4":0,"5":0,"6":0,"7":0,"8":0,"9":0,"10":0},"f":{"0":0,"1":0,"2":0,"3":0},"b":{"0":[0,0]}}
,"/home/ritiC/Documents/blinklist/my-blinkist/src/Components/Organism/BookDetails/Index.stories.tsx": {"path":"/home/ritiC/Documents/blinklist/my-blinkist/src/Components/Organism/BookDetails/Index.stories.tsx","statementMap":{"0":{"start":{"line":11,"column":52},"end":{"line":13,"column":1}},"1":{"start":{"line":12,"column":4},"end":{"line":12,"column":17}},"2":{"start":{"line":15,"column":25},"end":{"line":15,"column":42}},"3":{"start":{"line":17,"column":17},"end":{"line":30,"column":1}},"4":{"start":{"line":32,"column":0},"end":{"line":34,"column":1}}},"fnMap":{"0":{"name":"(anonymous_0)","decl":{"start":{"line":11,"column":52},"end":{"line":11,"column":53}},"loc":{"start":{"line":12,"column":4},"end":{"line":12,"column":17}},"line":12}},"branchMap":{},"s":{"0":0,"1":0,"2":0,"3":0,"4":0},"f":{"0":0},"b":{}}
,"/home/ritiC/Documents/blinklist/my-blinkist/src/Components/Organism/BookDetails/Index.tsx": {"path":"/home/ritiC/Documents/blinklist/my-blinkist/src/Components/Organism/BookDetails/Index.tsx","statementMap":{"0":{"start":{"line":11,"column":12},"end":{"line":11,"column":35}},"1":{"start":{"line":30,"column":18},"end":{"line":69,"column":2}},"2":{"start":{"line":71,"column":22},"end":{"line":77,"column":2}},"3":{"start":{"line":79,"column":23},"end":{"line":82,"column":2}},"4":{"start":{"line":84,"column":16},"end":{"line":90,"column":2}},"5":{"start":{"line":92,"column":19},"end":{"line":173,"column":1}},"6":{"start":{"line":93,"column":34},"end":{"line":108,"column":4}},"7":{"start":{"line":110,"column":2},"end":{"line":120,"column":8}},"8":{"start":{"line":111,"column":17},"end":{"line":117,"column":5}},"9":{"start":{"line":112,"column":18},"end":{"line":112,"column":57}},"10":{"start":{"line":113,"column":20},"end":{"line":113,"column":28}},"11":{"start":{"line":114,"column":6},"end":{"line":114,"column":25}},"12":{"start":{"line":116,"column":6},"end":{"line":116,"column":25}},"13":{"start":{"line":118,"column":6},"end":{"line":118,"column":13}},"14":{"start":{"line":122,"column":18},"end":{"line":122,"column":29}},"15":{"start":{"line":123,"column":2},"end":{"line":172,"column":4}}},"fnMap":{"0":{"name":"(anonymous_0)","decl":{"start":{"line":92,"column":19},"end":{"line":92,"column":20}},"loc":{"start":{"line":92,"column":25},"end":{"line":173,"column":1}},"line":92},"1":{"name":"(anonymous_1)","decl":{"start":{"line":110,"column":12},"end":{"line":110,"column":13}},"loc":{"start":{"line":110,"column":18},"end":{"line":120,"column":3}},"line":110},"2":{"name":"(anonymous_2)","decl":{"start":{"line":111,"column":17},"end":{"line":111,"column":18}},"loc":{"start":{"line":111,"column":28},"end":{"line":117,"column":5}},"line":111}},"branchMap":{},"s":{"0":0,"1":0,"2":0,"3":0,"4":0,"5":0,"6":0,"7":0,"8":0,"9":0,"10":0,"11":0,"12":0,"13":0,"14":0,"15":0},"f":{"0":0,"1":0,"2":0},"b":{}}
,"/home/ritiC/Documents/blinklist/my-blinkist/src/Components/Organism/ButtonGroups/Index.stories.tsx": {"path":"/home/ritiC/Documents/blinklist/my-blinkist/src/Components/Organism/ButtonGroups/Index.stories.tsx","statementMap":{"0":{"start":{"line":10,"column":53},"end":{"line":12,"column":1}},"1":{"start":{"line":11,"column":4},"end":{"line":11,"column":28}},"2":{"start":{"line":14,"column":26},"end":{"line":14,"column":43}}},"fnMap":{"0":{"name":"(anonymous_0)","decl":{"start":{"line":10,"column":53},"end":{"line":10,"column":54}},"loc":{"start":{"line":11,"column":4},"end":{"line":11,"column":28}},"line":11}},"branchMap":{},"s":{"0":0,"1":0,"2":0},"f":{"0":0},"b":{}}
,"/home/ritiC/Documents/blinklist/my-blinkist/src/Components/Organism/ButtonGroups/Index.tsx": {"path":"/home/ritiC/Documents/blinklist/my-blinkist/src/Components/Organism/ButtonGroups/Index.tsx","statementMap":{"0":{"start":{"line":12,"column":18},"end":{"line":54,"column":2}},"1":{"start":{"line":60,"column":20},"end":{"line":142,"column":1}},"2":{"start":{"line":61,"column":34},"end":{"line":76,"column":4}},"3":{"start":{"line":78,"column":19},"end":{"line":78,"column":32}},"4":{"start":{"line":80,"column":25},"end":{"line":90,"column":3}},"5":{"start":{"line":81,"column":4},"end":{"line":85,"column":5}},"6":{"start":{"line":82,"column":6},"end":{"line":82,"column":34}},"7":{"start":{"line":84,"column":6},"end":{"line":84,"column":33}},"8":{"start":{"line":88,"column":4},"end":{"line":88,"column":66}},"9":{"start":{"line":89,"column":4},"end":{"line":89,"column":17}},"10":{"start":{"line":92,"column":21},"end":{"line":99,"column":3}},"11":{"start":{"line":93,"column":4},"end":{"line":96,"column":5}},"12":{"start":{"line":94,"column":6},"end":{"line":94,"column":32}},"13":{"start":{"line":95,"column":6},"end":{"line":95,"column":34}},"14":{"start":{"line":97,"column":4},"end":{"line":97,"column":66}},"15":{"start":{"line":98,"column":4},"end":{"line":98,"column":18}},"16":{"start":{"line":103,"column":2},"end":{"line":112,"column":5}},"17":{"start":{"line":104,"column":19},"end":{"line":108,"column":5}},"18":{"start":{"line":105,"column":18},"end":{"line":105,"column":72}},"19":{"start":{"line":106,"column":20},"end":{"line":106,"column":28}},"20":{"start":{"line":107,"column":6},"end":{"line":107,"column":25}},"21":{"start":{"line":109,"column":4},"end":{"line":111,"column":6}},"22":{"start":{"line":110,"column":6},"end":{"line":110,"column":15}},"23":{"start":{"line":114,"column":18},"end":{"line":114,"column":29}},"24":{"start":{"line":115,"column":2},"end":{"line":141,"column":4}},"25":{"start":{"line":120,"column":25},"end":{"line":120,"column":46}},"26":{"start":{"line":126,"column":25},"end":{"line":126,"column":50}}},"fnMap":{"0":{"name":"(anonymous_0)","decl":{"start":{"line":60,"column":20},"end":{"line":60,"column":21}},"loc":{"start":{"line":60,"column":38},"end":{"line":142,"column":1}},"line":60},"1":{"name":"(anonymous_1)","decl":{"start":{"line":80,"column":25},"end":{"line":80,"column":26}},"loc":{"start":{"line":80,"column":46},"end":{"line":90,"column":3}},"line":80},"2":{"name":"(anonymous_2)","decl":{"start":{"line":92,"column":21},"end":{"line":92,"column":22}},"loc":{"start":{"line":92,"column":42},"end":{"line":99,"column":3}},"line":92},"3":{"name":"(anonymous_3)","decl":{"start":{"line":103,"column":12},"end":{"line":103,"column":13}},"loc":{"start":{"line":103,"column":18},"end":{"line":112,"column":3}},"line":103},"4":{"name":"(anonymous_4)","decl":{"start":{"line":104,"column":19},"end":{"line":104,"column":20}},"loc":{"start":{"line":104,"column":31},"end":{"line":108,"column":5}},"line":104},"5":{"name":"(anonymous_5)","decl":{"start":{"line":109,"column":11},"end":{"line":109,"column":12}},"loc":{"start":{"line":109,"column":17},"end":{"line":111,"column":5}},"line":109},"6":{"name":"(anonymous_6)","decl":{"start":{"line":120,"column":19},"end":{"line":120,"column":20}},"loc":{"start":{"line":120,"column":25},"end":{"line":120,"column":46}},"line":120},"7":{"name":"(anonymous_7)","decl":{"start":{"line":126,"column":19},"end":{"line":126,"column":20}},"loc":{"start":{"line":126,"column":25},"end":{"line":126,"column":50}},"line":126}},"branchMap":{"0":{"loc":{"start":{"line":81,"column":4},"end":{"line":85,"column":5}},"type":"if","locations":[{"start":{"line":81,"column":4},"end":{"line":85,"column":5}},{"start":{"line":83,"column":11},"end":{"line":85,"column":5}}],"line":81},"1":{"loc":{"start":{"line":93,"column":4},"end":{"line":96,"column":5}},"type":"if","locations":[{"start":{"line":93,"column":4},"end":{"line":96,"column":5}},{"start":{},"end":{}}],"line":93}},"s":{"0":0,"1":0,"2":0,"3":0,"4":0,"5":0,"6":0,"7":0,"8":0,"9":0,"10":0,"11":0,"12":0,"13":0,"14":0,"15":0,"16":0,"17":0,"18":0,"19":0,"20":0,"21":0,"22":0,"23":0,"24":0,"25":0,"26":0},"f":{"0":0,"1":0,"2":0,"3":0,"4":0,"5":0,"6":0,"7":0},"b":{"0":[0,0],"1":[0,0]}}
,"/home/ritiC/Documents/blinklist/my-blinkist/src/Components/Organism/CardGroup/Index.stories.tsx": {"path":"/home/ritiC/Documents/blinklist/my-blinkist/src/Components/Organism/CardGroup/Index.stories.tsx","statementMap":{"0":{"start":{"line":11,"column":52},"end":{"line":13,"column":1}},"1":{"start":{"line":12,"column":4},"end":{"line":12,"column":27}},"2":{"start":{"line":15,"column":30},"end":{"line":15,"column":47}},"3":{"start":{"line":17,"column":0},"end":{"line":20,"column":1}}},"fnMap":{"0":{"name":"(anonymous_0)","decl":{"start":{"line":11,"column":52},"end":{"line":11,"column":53}},"loc":{"start":{"line":12,"column":4},"end":{"line":12,"column":27}},"line":12}},"branchMap":{},"s":{"0":0,"1":0,"2":0,"3":0},"f":{"0":0},"b":{}}
,"/home/ritiC/Documents/blinklist/my-blinkist/src/Components/Organism/CardGroup/Index.tsx": {"path":"/home/ritiC/Documents/blinklist/my-blinkist/src/Components/Organism/CardGroup/Index.tsx","statementMap":{"0":{"start":{"line":29,"column":18},"end":{"line":37,"column":2}},"1":{"start":{"line":39,"column":18},"end":{"line":83,"column":1}},"2":{"start":{"line":41,"column":20},"end":{"line":41,"column":31}},"3":{"start":{"line":43,"column":54},"end":{"line":43,"column":78}},"4":{"start":{"line":45,"column":2},"end":{"line":61,"column":35}},"5":{"start":{"line":46,"column":4},"end":{"line":60,"column":5}},"6":{"start":{"line":47,"column":6},"end":{"line":49,"column":8}},"7":{"start":{"line":48,"column":45},"end":{"line":48,"column":64}},"8":{"start":{"line":51,"column":6},"end":{"line":59,"column":7}},"9":{"start":{"line":52,"column":8},"end":{"line":54,"column":10}},"10":{"start":{"line":53,"column":47},"end":{"line":53,"column":66}},"11":{"start":{"line":56,"column":8},"end":{"line":58,"column":10}},"12":{"start":{"line":57,"column":47},"end":{"line":57,"column":67}},"13":{"start":{"line":64,"column":2},"end":{"line":82,"column":4}},"14":{"start":{"line":67,"column":8},"end":{"line":79,"column":10}},"15":{"start":{"line":77,"column":29},"end":{"line":77,"column":62}}},"fnMap":{"0":{"name":"(anonymous_0)","decl":{"start":{"line":39,"column":18},"end":{"line":39,"column":19}},"loc":{"start":{"line":39,"column":45},"end":{"line":83,"column":1}},"line":39},"1":{"name":"(anonymous_1)","decl":{"start":{"line":45,"column":12},"end":{"line":45,"column":13}},"loc":{"start":{"line":45,"column":18},"end":{"line":61,"column":3}},"line":45},"2":{"name":"(anonymous_2)","decl":{"start":{"line":48,"column":34},"end":{"line":48,"column":35}},"loc":{"start":{"line":48,"column":45},"end":{"line":48,"column":64}},"line":48},"3":{"name":"(anonymous_3)","decl":{"start":{"line":53,"column":36},"end":{"line":53,"column":37}},"loc":{"start":{"line":53,"column":47},"end":{"line":53,"column":66}},"line":53},"4":{"name":"(anonymous_4)","decl":{"start":{"line":57,"column":36},"end":{"line":57,"column":37}},"loc":{"start":{"line":57,"column":47},"end":{"line":57,"column":67}},"line":57},"5":{"name":"(anonymous_5)","decl":{"start":{"line":66,"column":39},"end":{"line":66,"column":40}},"loc":{"start":{"line":66,"column":55},"end":{"line":80,"column":7}},"line":66},"6":{"name":"(anonymous_6)","decl":{"start":{"line":77,"column":23},"end":{"line":77,"column":24}},"loc":{"start":{"line":77,"column":29},"end":{"line":77,"column":62}},"line":77}},"branchMap":{"0":{"loc":{"start":{"line":46,"column":4},"end":{"line":60,"column":5}},"type":"if","locations":[{"start":{"line":46,"column":4},"end":{"line":60,"column":5}},{"start":{"line":50,"column":11},"end":{"line":60,"column":5}}],"line":46},"1":{"loc":{"start":{"line":51,"column":6},"end":{"line":59,"column":7}},"type":"if","locations":[{"start":{"line":51,"column":6},"end":{"line":59,"column":7}},{"start":{"line":55,"column":13},"end":{"line":59,"column":7}}],"line":51}},"s":{"0":0,"1":0,"2":0,"3":0,"4":0,"5":0,"6":0,"7":0,"8":0,"9":0,"10":0,"11":0,"12":0,"13":0,"14":0,"15":0},"f":{"0":0,"1":0,"2":0,"3":0,"4":0,"5":0,"6":0},"b":{"0":[0,0],"1":[0,0]}}
,"/home/ritiC/Documents/blinklist/my-blinkist/src/Components/Organism/Cards/Index.stories.tsx": {"path":"/home/ritiC/Documents/blinklist/my-blinkist/src/Components/Organism/Cards/Index.stories.tsx","statementMap":{"0":{"start":{"line":11,"column":47},"end":{"line":11,"column":76}},"1":{"start":{"line":11,"column":57},"end":{"line":11,"column":76}},"2":{"start":{"line":13,"column":25},"end":{"line":13,"column":42}},"3":{"start":{"line":14,"column":0},"end":{"line":21,"column":2}},"4":{"start":{"line":23,"column":28},"end":{"line":23,"column":45}},"5":{"start":{"line":24,"column":0},"end":{"line":31,"column":2}},"6":{"start":{"line":34,"column":24},"end":{"line":34,"column":41}},"7":{"start":{"line":35,"column":0},"end":{"line":43,"column":2}}},"fnMap":{"0":{"name":"(anonymous_0)","decl":{"start":{"line":11,"column":47},"end":{"line":11,"column":48}},"loc":{"start":{"line":11,"column":57},"end":{"line":11,"column":76}},"line":11}},"branchMap":{},"s":{"0":0,"1":0,"2":0,"3":0,"4":0,"5":0,"6":0,"7":0},"f":{"0":0},"b":{}}
,"/home/ritiC/Documents/blinklist/my-blinkist/src/Components/Organism/Cards/Index.tsx": {"path":"/home/ritiC/Documents/blinklist/my-blinkist/src/Components/Organism/Cards/Index.tsx","statementMap":{"0":{"start":{"line":30,"column":18},"end":{"line":100,"column":2}},"1":{"start":{"line":102,"column":14},"end":{"line":246,"column":1}},"2":{"start":{"line":103,"column":34},"end":{"line":118,"column":4}},"3":{"start":{"line":120,"column":28},"end":{"line":120,"column":39}},"4":{"start":{"line":121,"column":19},"end":{"line":121,"column":32}},"5":{"start":{"line":122,"column":2},"end":{"line":135,"column":25}},"6":{"start":{"line":125,"column":23},"end":{"line":133,"column":5}},"7":{"start":{"line":126,"column":6},"end":{"line":131,"column":7}},"8":{"start":{"line":127,"column":20},"end":{"line":127,"column":61}},"9":{"start":{"line":128,"column":22},"end":{"line":128,"column":30}},"10":{"start":{"line":129,"column":8},"end":{"line":129,"column":27}},"11":{"start":{"line":134,"column":4},"end":{"line":134,"column":26}},"12":{"start":{"line":137,"column":25},"end":{"line":150,"column":3}},"13":{"start":{"line":138,"column":4},"end":{"line":142,"column":5}},"14":{"start":{"line":139,"column":6},"end":{"line":139,"column":34}},"15":{"start":{"line":141,"column":6},"end":{"line":141,"column":33}},"16":{"start":{"line":143,"column":4},"end":{"line":147,"column":5}},"17":{"start":{"line":144,"column":6},"end":{"line":144,"column":26}},"18":{"start":{"line":146,"column":6},"end":{"line":146,"column":26}},"19":{"start":{"line":148,"column":4},"end":{"line":148,"column":69}},"20":{"start":{"line":149,"column":4},"end":{"line":149,"column":56}},"21":{"start":{"line":152,"column":25},"end":{"line":157,"column":3}},"22":{"start":{"line":153,"column":16},"end":{"line":153,"column":57}},"23":{"start":{"line":154,"column":4},"end":{"line":154,"column":69}},"24":{"start":{"line":155,"column":4},"end":{"line":155,"column":69}},"25":{"start":{"line":156,"column":4},"end":{"line":156,"column":28}},"26":{"start":{"line":159,"column":23},"end":{"line":170,"column":3}},"27":{"start":{"line":160,"column":4},"end":{"line":160,"column":30}},"28":{"start":{"line":161,"column":4},"end":{"line":161,"column":31}},"29":{"start":{"line":162,"column":4},"end":{"line":166,"column":5}},"30":{"start":{"line":163,"column":6},"end":{"line":163,"column":26}},"31":{"start":{"line":165,"column":6},"end":{"line":165,"column":26}},"32":{"start":{"line":167,"column":4},"end":{"line":167,"column":69}},"33":{"start":{"line":168,"column":4},"end":{"line":168,"column":57}},"34":{"start":{"line":169,"column":4},"end":{"line":169,"column":18}},"35":{"start":{"line":172,"column":18},"end":{"line":172,"column":29}},"36":{"start":{"line":173,"column":2},"end":{"line":245,"column":4}},"37":{"start":{"line":178,"column":66},"end":{"line":178,"column":91}},"38":{"start":{"line":203,"column":40},"end":{"line":203,"column":65}},"39":{"start":{"line":215,"column":40},"end":{"line":215,"column":65}},"40":{"start":{"line":228,"column":29},"end":{"line":228,"column":52}}},"fnMap":{"0":{"name":"(anonymous_0)","decl":{"start":{"line":102,"column":14},"end":{"line":102,"column":15}},"loc":{"start":{"line":102,"column":49},"end":{"line":246,"column":1}},"line":102},"1":{"name":"(anonymous_1)","decl":{"start":{"line":122,"column":12},"end":{"line":122,"column":13}},"loc":{"start":{"line":122,"column":18},"end":{"line":135,"column":3}},"line":122},"2":{"name":"(anonymous_2)","decl":{"start":{"line":125,"column":23},"end":{"line":125,"column":24}},"loc":{"start":{"line":125,"column":44},"end":{"line":133,"column":5}},"line":125},"3":{"name":"(anonymous_3)","decl":{"start":{"line":137,"column":25},"end":{"line":137,"column":26}},"loc":{"start":{"line":137,"column":46},"end":{"line":150,"column":3}},"line":137},"4":{"name":"(anonymous_4)","decl":{"start":{"line":152,"column":25},"end":{"line":152,"column":26}},"loc":{"start":{"line":152,"column":46},"end":{"line":157,"column":3}},"line":152},"5":{"name":"(anonymous_5)","decl":{"start":{"line":159,"column":23},"end":{"line":159,"column":24}},"loc":{"start":{"line":159,"column":44},"end":{"line":170,"column":3}},"line":159},"6":{"name":"(anonymous_6)","decl":{"start":{"line":178,"column":60},"end":{"line":178,"column":61}},"loc":{"start":{"line":178,"column":66},"end":{"line":178,"column":91}},"line":178},"7":{"name":"(anonymous_7)","decl":{"start":{"line":203,"column":34},"end":{"line":203,"column":35}},"loc":{"start":{"line":203,"column":40},"end":{"line":203,"column":65}},"line":203},"8":{"name":"(anonymous_8)","decl":{"start":{"line":215,"column":34},"end":{"line":215,"column":35}},"loc":{"start":{"line":215,"column":40},"end":{"line":215,"column":65}},"line":215},"9":{"name":"(anonymous_9)","decl":{"start":{"line":228,"column":23},"end":{"line":228,"column":24}},"loc":{"start":{"line":228,"column":29},"end":{"line":228,"column":52}},"line":228}},"branchMap":{"0":{"loc":{"start":{"line":126,"column":6},"end":{"line":131,"column":7}},"type":"if","locations":[{"start":{"line":126,"column":6},"end":{"line":131,"column":7}},{"start":{},"end":{}}],"line":126},"1":{"loc":{"start":{"line":126,"column":10},"end":{"line":126,"column":22}},"type":"binary-expr","locations":[{"start":{"line":126,"column":10},"end":{"line":126,"column":11}},{"start":{"line":126,"column":15},"end":{"line":126,"column":22}}],"line":126},"2":{"loc":{"start":{"line":138,"column":4},"end":{"line":142,"column":5}},"type":"if","locations":[{"start":{"line":138,"column":4},"end":{"line":142,"column":5}},{"start":{"line":140,"column":11},"end":{"line":142,"column":5}}],"line":138},"3":{"loc":{"start":{"line":143,"column":4},"end":{"line":147,"column":5}},"type":"if","locations":[{"start":{"line":143,"column":4},"end":{"line":147,"column":5}},{"start":{"line":145,"column":11},"end":{"line":147,"column":5}}],"line":143},"4":{"loc":{"start":{"line":148,"column":4},"end":{"line":148,"column":69}},"type":"cond-expr","locations":[{"start":{"line":148,"column":35},"end":{"line":148,"column":50}},{"start":{"line":148,"column":54},"end":{"line":148,"column":69}}],"line":148},"5":{"loc":{"start":{"line":154,"column":4},"end":{"line":154,"column":69}},"type":"cond-expr","locations":[{"start":{"line":154,"column":35},"end":{"line":154,"column":50}},{"start":{"line":154,"column":54},"end":{"line":154,"column":69}}],"line":154},"6":{"loc":{"start":{"line":162,"column":4},"end":{"line":166,"column":5}},"type":"if","locations":[{"start":{"line":162,"column":4},"end":{"line":166,"column":5}},{"start":{"line":164,"column":11},"end":{"line":166,"column":5}}],"line":162},"7":{"loc":{"start":{"line":167,"column":4},"end":{"line":167,"column":69}},"type":"cond-expr","locations":[{"start":{"line":167,"column":35},"end":{"line":167,"column":50}},{"start":{"line":167,"column":54},"end":{"line":167,"column":69}}],"line":167},"8":{"loc":{"start":{"line":190,"column":17},"end":{"line":196,"column":17}},"type":"cond-expr","locations":[{"start":{"line":190,"column":45},"end":{"line":190,"column":49}},{"start":{"line":191,"column":18},"end":{"line":195,"column":20}}],"line":190},"9":{"loc":{"start":{"line":201,"column":11},"end":{"line":212,"column":18}},"type":"cond-expr","locations":[{"start":{"line":202,"column":10},"end":{"line":211,"column":13}},{"start":{"line":212,"column":14},"end":{"line":212,"column":18}}],"line":201},"10":{"loc":{"start":{"line":214,"column":11},"end":{"line":223,"column":18}},"type":"cond-expr","locations":[{"start":{"line":215,"column":12},"end":{"line":222,"column":26}},{"start":{"line":223,"column":14},"end":{"line":223,"column":18}}],"line":214},"11":{"loc":{"start":{"line":225,"column":11},"end":{"line":241,"column":18}},"type":"cond-expr","locations":[{"start":{"line":226,"column":12},"end":{"line":240,"column":26}},{"start":{"line":241,"column":14},"end":{"line":241,"column":18}}],"line":225}},"s":{"0":0,"1":0,"2":0,"3":0,"4":0,"5":0,"6":0,"7":0,"8":0,"9":0,"10":0,"11":0,"12":0,"13":0,"14":0,"15":0,"16":0,"17":0,"18":0,"19":0,"20":0,"21":0,"22":0,"23":0,"24":0,"25":0,"26":0,"27":0,"28":0,"29":0,"30":0,"31":0,"32":0,"33":0,"34":0,"35":0,"36":0,"37":0,"38":0,"39":0,"40":0},"f":{"0":0,"1":0,"2":0,"3":0,"4":0,"5":0,"6":0,"7":0,"8":0,"9":0},"b":{"0":[0,0],"1":[0,0],"2":[0,0],"3":[0,0],"4":[0,0],"5":[0,0],"6":[0,0],"7":[0,0],"8":[0,0],"9":[0,0],"10":[0,0],"11":[0,0]}}
,"/home/ritiC/Documents/blinklist/my-blinkist/src/Components/Organism/ExpandedNav/Index.stories.tsx": {"path":"/home/ritiC/Documents/blinklist/my-blinkist/src/Components/Organism/ExpandedNav/Index.stories.tsx","statementMap":{"0":{"start":{"line":10,"column":54},"end":{"line":12,"column":1}},"1":{"start":{"line":11,"column":4},"end":{"line":11,"column":18}},"2":{"start":{"line":14,"column":32},"end":{"line":14,"column":49}}},"fnMap":{"0":{"name":"(anonymous_0)","decl":{"start":{"line":10,"column":54},"end":{"line":10,"column":55}},"loc":{"start":{"line":11,"column":4},"end":{"line":11,"column":18}},"line":11}},"branchMap":{},"s":{"0":0,"1":0,"2":0},"f":{"0":0},"b":{}}
,"/home/ritiC/Documents/blinklist/my-blinkist/src/Components/Organism/ExpandedNav/Index.tsx": {"path":"/home/ritiC/Documents/blinklist/my-blinkist/src/Components/Organism/ExpandedNav/Index.tsx","statementMap":{"0":{"start":{"line":8,"column":18},"end":{"line":67,"column":2}},"1":{"start":{"line":69,"column":14},"end":{"line":88,"column":2}},"2":{"start":{"line":90,"column":20},"end":{"line":162,"column":1}},"3":{"start":{"line":92,"column":19},"end":{"line":92,"column":32}},"4":{"start":{"line":94,"column":22},"end":{"line":97,"column":3}},"5":{"start":{"line":96,"column":4},"end":{"line":96,"column":29}},"6":{"start":{"line":99,"column":18},"end":{"line":99,"column":29}},"7":{"start":{"line":100,"column":2},"end":{"line":161,"column":4}},"8":{"start":{"line":117,"column":12},"end":{"line":129,"column":14}},"9":{"start":{"line":134,"column":12},"end":{"line":142,"column":14}},"10":{"start":{"line":147,"column":12},"end":{"line":155,"column":14}}},"fnMap":{"0":{"name":"(anonymous_0)","decl":{"start":{"line":90,"column":20},"end":{"line":90,"column":21}},"loc":{"start":{"line":90,"column":26},"end":{"line":162,"column":1}},"line":90},"1":{"name":"(anonymous_1)","decl":{"start":{"line":94,"column":22},"end":{"line":94,"column":23}},"loc":{"start":{"line":94,"column":28},"end":{"line":97,"column":3}},"line":94},"2":{"name":"(anonymous_2)","decl":{"start":{"line":116,"column":35},"end":{"line":116,"column":36}},"loc":{"start":{"line":116,"column":50},"end":{"line":130,"column":11}},"line":116},"3":{"name":"(anonymous_3)","decl":{"start":{"line":133,"column":35},"end":{"line":133,"column":36}},"loc":{"start":{"line":133,"column":50},"end":{"line":143,"column":11}},"line":133},"4":{"name":"(anonymous_4)","decl":{"start":{"line":146,"column":35},"end":{"line":146,"column":36}},"loc":{"start":{"line":146,"column":50},"end":{"line":156,"column":11}},"line":146}},"branchMap":{},"s":{"0":0,"1":0,"2":0,"3":0,"4":0,"5":0,"6":0,"7":0,"8":0,"9":0,"10":0},"f":{"0":0,"1":0,"2":0,"3":0,"4":0},"b":{}}
,"/home/ritiC/Documents/blinklist/my-blinkist/src/Components/Organism/Footer/Index.stories.tsx": {"path":"/home/ritiC/Documents/blinklist/my-blinkist/src/Components/Organism/Footer/Index.stories.tsx","statementMap":{"0":{"start":{"line":11,"column":48},"end":{"line":13,"column":1}},"1":{"start":{"line":12,"column":4},"end":{"line":12,"column":24}},"2":{"start":{"line":15,"column":27},"end":{"line":15,"column":44}}},"fnMap":{"0":{"name":"(anonymous_0)","decl":{"start":{"line":11,"column":48},"end":{"line":11,"column":49}},"loc":{"start":{"line":12,"column":4},"end":{"line":12,"column":24}},"line":12}},"branchMap":{},"s":{"0":0,"1":0,"2":0},"f":{"0":0},"b":{}}
,"/home/ritiC/Documents/blinklist/my-blinkist/src/Components/Organism/Footer/Index.tsx": {"path":"/home/ritiC/Documents/blinklist/my-blinkist/src/Components/Organism/Footer/Index.tsx","statementMap":{"0":{"start":{"line":9,"column":14},"end":{"line":28,"column":2}},"1":{"start":{"line":30,"column":18},"end":{"line":44,"column":2}},"2":{"start":{"line":46,"column":18},"end":{"line":59,"column":2}},"3":{"start":{"line":61,"column":21},"end":{"line":69,"column":4}},"4":{"start":{"line":71,"column":24},"end":{"line":74,"column":4}},"5":{"start":{"line":76,"column":26},"end":{"line":80,"column":4}},"6":{"start":{"line":82,"column":25},"end":{"line":86,"column":4}},"7":{"start":{"line":88,"column":25},"end":{"line":94,"column":4}},"8":{"start":{"line":98,"column":17},"end":{"line":129,"column":3}},"9":{"start":{"line":99,"column":20},"end":{"line":99,"column":31}},"10":{"start":{"line":100,"column":4},"end":{"line":128,"column":6}}},"fnMap":{"0":{"name":"(anonymous_0)","decl":{"start":{"line":98,"column":17},"end":{"line":98,"column":18}},"loc":{"start":{"line":98,"column":35},"end":{"line":129,"column":3}},"line":98}},"branchMap":{},"s":{"0":0,"1":0,"2":0,"3":0,"4":0,"5":0,"6":0,"7":0,"8":0,"9":0,"10":0},"f":{"0":0},"b":{}}
,"/home/ritiC/Documents/blinklist/my-blinkist/src/Components/Organism/Header/Index.stories.tsx": {"path":"/home/ritiC/Documents/blinklist/my-blinkist/src/Components/Organism/Header/Index.stories.tsx","statementMap":{"0":{"start":{"line":9,"column":49},"end":{"line":11,"column":1}},"1":{"start":{"line":10,"column":4},"end":{"line":10,"column":13}},"2":{"start":{"line":13,"column":27},"end":{"line":13,"column":44}}},"fnMap":{"0":{"name":"(anonymous_0)","decl":{"start":{"line":9,"column":49},"end":{"line":9,"column":50}},"loc":{"start":{"line":10,"column":4},"end":{"line":10,"column":13}},"line":10}},"branchMap":{},"s":{"0":0,"1":0,"2":0},"f":{"0":0},"b":{}}
,"/home/ritiC/Documents/blinklist/my-blinkist/src/Components/Organism/Header/Index.tsx": {"path":"/home/ritiC/Documents/blinklist/my-blinkist/src/Components/Organism/Header/Index.tsx","statementMap":{"0":{"start":{"line":17,"column":14},"end":{"line":31,"column":2}},"1":{"start":{"line":33,"column":18},"end":{"line":85,"column":2}},"2":{"start":{"line":87,"column":22},"end":{"line":91,"column":2}},"3":{"start":{"line":93,"column":15},"end":{"line":139,"column":1}},"4":{"start":{"line":94,"column":18},"end":{"line":94,"column":29}},"5":{"start":{"line":95,"column":48},"end":{"line":95,"column":72}},"6":{"start":{"line":96,"column":36},"end":{"line":96,"column":75}},"7":{"start":{"line":98,"column":33},"end":{"line":106,"column":3}},"8":{"start":{"line":99,"column":4},"end":{"line":99,"column":74}},"9":{"start":{"line":101,"column":4},"end":{"line":105,"column":5}},"10":{"start":{"line":102,"column":6},"end":{"line":102,"column":50}},"11":{"start":{"line":104,"column":6},"end":{"line":104,"column":52}},"12":{"start":{"line":109,"column":19},"end":{"line":109,"column":32}},"13":{"start":{"line":110,"column":22},"end":{"line":112,"column":3}},"14":{"start":{"line":111,"column":4},"end":{"line":111,"column":18}},"15":{"start":{"line":114,"column":2},"end":{"line":138,"column":4}}},"fnMap":{"0":{"name":"(anonymous_0)","decl":{"start":{"line":93,"column":15},"end":{"line":93,"column":16}},"loc":{"start":{"line":93,"column":21},"end":{"line":139,"column":1}},"line":93},"1":{"name":"(anonymous_1)","decl":{"start":{"line":98,"column":33},"end":{"line":98,"column":34}},"loc":{"start":{"line":98,"column":39},"end":{"line":106,"column":3}},"line":98},"2":{"name":"(anonymous_2)","decl":{"start":{"line":110,"column":22},"end":{"line":110,"column":23}},"loc":{"start":{"line":110,"column":28},"end":{"line":112,"column":3}},"line":110}},"branchMap":{"0":{"loc":{"start":{"line":99,"column":4},"end":{"line":99,"column":73}},"type":"cond-expr","locations":[{"start":{"line":99,"column":23},"end":{"line":99,"column":47}},{"start":{"line":99,"column":50},"end":{"line":99,"column":73}}],"line":99},"1":{"loc":{"start":{"line":101,"column":4},"end":{"line":105,"column":5}},"type":"if","locations":[{"start":{"line":101,"column":4},"end":{"line":105,"column":5}},{"start":{"line":103,"column":11},"end":{"line":105,"column":5}}],"line":101},"2":{"loc":{"start":{"line":136,"column":7},"end":{"line":136,"column":47}},"type":"cond-expr","locations":[{"start":{"line":136,"column":26},"end":{"line":136,"column":40}},{"start":{"line":136,"column":43},"end":{"line":136,"column":47}}],"line":136}},"s":{"0":0,"1":0,"2":0,"3":0,"4":0,"5":0,"6":0,"7":0,"8":0,"9":0,"10":0,"11":0,"12":0,"13":0,"14":0,"15":0},"f":{"0":0,"1":0,"2":0},"b":{"0":[0,0],"1":[0,0],"2":[0,0]}}
,"/home/ritiC/Documents/blinklist/my-blinkist/src/Components/Organism/LogoutBtn/Index.tsx": {"path":"/home/ritiC/Documents/blinklist/my-blinkist/src/Components/Organism/LogoutBtn/Index.tsx","statementMap":{"0":{"start":{"line":6,"column":21},"end":{"line":93,"column":1}},"1":{"start":{"line":7,"column":33},"end":{"line":7,"column":73}},"2":{"start":{"line":8,"column":14},"end":{"line":8,"column":31}},"3":{"start":{"line":9,"column":21},"end":{"line":15,"column":2}},"4":{"start":{"line":10,"column":2},"end":{"line":14,"column":3}},"5":{"start":{"line":11,"column":3},"end":{"line":11,"column":36}},"6":{"start":{"line":13,"column":3},"end":{"line":13,"column":17}},"7":{"start":{"line":16,"column":21},"end":{"line":18,"column":2}},"8":{"start":{"line":17,"column":2},"end":{"line":17,"column":20}},"9":{"start":{"line":20,"column":20},"end":{"line":20,"column":30}},"10":{"start":{"line":22,"column":1},"end":{"line":92,"column":3}},"11":{"start":{"line":86,"column":20},"end":{"line":86,"column":64}}},"fnMap":{"0":{"name":"(anonymous_0)","decl":{"start":{"line":6,"column":21},"end":{"line":6,"column":22}},"loc":{"start":{"line":6,"column":27},"end":{"line":93,"column":1}},"line":6},"1":{"name":"(anonymous_1)","decl":{"start":{"line":9,"column":21},"end":{"line":9,"column":22}},"loc":{"start":{"line":9,"column":69},"end":{"line":15,"column":2}},"line":9},"2":{"name":"(anonymous_2)","decl":{"start":{"line":16,"column":21},"end":{"line":16,"column":22}},"loc":{"start":{"line":16,"column":27},"end":{"line":18,"column":2}},"line":16},"3":{"name":"(anonymous_3)","decl":{"start":{"line":86,"column":14},"end":{"line":86,"column":15}},"loc":{"start":{"line":86,"column":20},"end":{"line":86,"column":64}},"line":86}},"branchMap":{"0":{"loc":{"start":{"line":10,"column":2},"end":{"line":14,"column":3}},"type":"if","locations":[{"start":{"line":10,"column":2},"end":{"line":14,"column":3}},{"start":{"line":12,"column":9},"end":{"line":14,"column":3}}],"line":10},"1":{"loc":{"start":{"line":27,"column":19},"end":{"line":27,"column":50}},"type":"cond-expr","locations":[{"start":{"line":27,"column":26},"end":{"line":27,"column":38}},{"start":{"line":27,"column":41},"end":{"line":27,"column":50}}],"line":27},"2":{"loc":{"start":{"line":29,"column":19},"end":{"line":29,"column":44}},"type":"cond-expr","locations":[{"start":{"line":29,"column":26},"end":{"line":29,"column":32}},{"start":{"line":29,"column":35},"end":{"line":29,"column":44}}],"line":29},"3":{"loc":{"start":{"line":41,"column":5},"end":{"line":51,"column":5}},"type":"cond-expr","locations":[{"start":{"line":42,"column":5},"end":{"line":42,"column":46}},{"start":{"line":44,"column":5},"end":{"line":50,"column":7}}],"line":41}},"s":{"0":0,"1":0,"2":0,"3":0,"4":0,"5":0,"6":0,"7":0,"8":0,"9":0,"10":0,"11":0},"f":{"0":0,"1":0,"2":0,"3":0},"b":{"0":[0,0],"1":[0,0],"2":[0,0],"3":[0,0]}}
,"/home/ritiC/Documents/blinklist/my-blinkist/src/Components/Organism/SearchBar/Index.stories.tsx": {"path":"/home/ritiC/Documents/blinklist/my-blinkist/src/Components/Organism/SearchBar/Index.stories.tsx","statementMap":{"0":{"start":{"line":10,"column":51},"end":{"line":10,"column":70}},"1":{"start":{"line":10,"column":57},"end":{"line":10,"column":70}},"2":{"start":{"line":12,"column":25},"end":{"line":12,"column":42}}},"fnMap":{"0":{"name":"(anonymous_0)","decl":{"start":{"line":10,"column":51},"end":{"line":10,"column":52}},"loc":{"start":{"line":10,"column":57},"end":{"line":10,"column":70}},"line":10}},"branchMap":{},"s":{"0":0,"1":0,"2":0},"f":{"0":0},"b":{}}
,"/home/ritiC/Documents/blinklist/my-blinkist/src/Components/Organism/SearchBar/Index.tsx": {"path":"/home/ritiC/Documents/blinklist/my-blinkist/src/Components/Organism/SearchBar/Index.tsx","statementMap":{"0":{"start":{"line":9,"column":18},"end":{"line":18,"column":2}},"1":{"start":{"line":20,"column":18},"end":{"line":117,"column":1}},"2":{"start":{"line":21,"column":18},"end":{"line":21,"column":29}},"3":{"start":{"line":22,"column":28},"end":{"line":22,"column":39}},"4":{"start":{"line":23,"column":36},"end":{"line":40,"column":4}},"5":{"start":{"line":42,"column":23},"end":{"line":53,"column":3}},"6":{"start":{"line":43,"column":16},"end":{"line":43,"column":30}},"7":{"start":{"line":44,"column":4},"end":{"line":48,"column":5}},"8":{"start":{"line":45,"column":6},"end":{"line":45,"column":26}},"9":{"start":{"line":47,"column":6},"end":{"line":47,"column":26}},"10":{"start":{"line":50,"column":18},"end":{"line":50,"column":39}},"11":{"start":{"line":51,"column":4},"end":{"line":51,"column":23}},"12":{"start":{"line":62,"column":17},"end":{"line":72,"column":3}},"13":{"start":{"line":63,"column":25},"end":{"line":63,"column":27}},"14":{"start":{"line":64,"column":4},"end":{"line":70,"column":5}},"15":{"start":{"line":64,"column":17},"end":{"line":64,"column":18}},"16":{"start":{"line":65,"column":6},"end":{"line":65,"column":30}},"17":{"start":{"line":66,"column":23},"end":{"line":66,"column":51}},"18":{"start":{"line":67,"column":6},"end":{"line":69,"column":7}},"19":{"start":{"line":68,"column":8},"end":{"line":68,"column":36}},"20":{"start":{"line":71,"column":4},"end":{"line":71,"column":24}},"21":{"start":{"line":74,"column":2},"end":{"line":116,"column":4}},"22":{"start":{"line":80,"column":25},"end":{"line":80,"column":40}}},"fnMap":{"0":{"name":"(anonymous_0)","decl":{"start":{"line":20,"column":18},"end":{"line":20,"column":19}},"loc":{"start":{"line":20,"column":24},"end":{"line":117,"column":1}},"line":20},"1":{"name":"(anonymous_1)","decl":{"start":{"line":42,"column":23},"end":{"line":42,"column":24}},"loc":{"start":{"line":42,"column":41},"end":{"line":53,"column":3}},"line":42},"2":{"name":"(anonymous_2)","decl":{"start":{"line":62,"column":17},"end":{"line":62,"column":18}},"loc":{"start":{"line":62,"column":46},"end":{"line":72,"column":3}},"line":62},"3":{"name":"(anonymous_3)","decl":{"start":{"line":80,"column":18},"end":{"line":80,"column":19}},"loc":{"start":{"line":80,"column":25},"end":{"line":80,"column":40}},"line":80}},"branchMap":{"0":{"loc":{"start":{"line":44,"column":4},"end":{"line":48,"column":5}},"type":"if","locations":[{"start":{"line":44,"column":4},"end":{"line":48,"column":5}},{"start":{"line":46,"column":11},"end":{"line":48,"column":5}}],"line":44},"1":{"loc":{"start":{"line":67,"column":6},"end":{"line":69,"column":7}},"type":"if","locations":[{"start":{"line":67,"column":6},"end":{"line":69,"column":7}},{"start":{},"end":{}}],"line":67}},"s":{"0":0,"1":0,"2":0,"3":0,"4":0,"5":0,"6":0,"7":0,"8":0,"9":0,"10":0,"11":0,"12":0,"13":0,"14":0,"15":0,"16":0,"17":0,"18":0,"19":0,"20":0,"21":0,"22":0},"f":{"0":0,"1":0,"2":0,"3":0},"b":{"0":[0,0],"1":[0,0]}}
,"/home/ritiC/Documents/blinklist/my-blinkist/src/Components/Organism/TabsBar/Index.stories.tsx": {"path":"/home/ritiC/Documents/blinklist/my-blinkist/src/Components/Organism/TabsBar/Index.stories.tsx","statementMap":{"0":{"start":{"line":10,"column":49},"end":{"line":10,"column":66}},"1":{"start":{"line":10,"column":55},"end":{"line":10,"column":66}},"2":{"start":{"line":12,"column":23},"end":{"line":12,"column":40}}},"fnMap":{"0":{"name":"(anonymous_0)","decl":{"start":{"line":10,"column":49},"end":{"line":10,"column":50}},"loc":{"start":{"line":10,"column":55},"end":{"line":10,"column":66}},"line":10}},"branchMap":{},"s":{"0":0,"1":0,"2":0},"f":{"0":0},"b":{}}
,"/home/ritiC/Documents/blinklist/my-blinkist/src/Components/Organism/TabsBar/Index.tsx": {"path":"/home/ritiC/Documents/blinklist/my-blinkist/src/Components/Organism/TabsBar/Index.tsx","statementMap":{"0":{"start":{"line":10,"column":18},"end":{"line":37,"column":2}},"1":{"start":{"line":39,"column":16},"end":{"line":144,"column":1}},"2":{"start":{"line":40,"column":18},"end":{"line":40,"column":29}},"3":{"start":{"line":41,"column":42},"end":{"line":41,"column":55}},"4":{"start":{"line":42,"column":34},"end":{"line":59,"column":4}},"5":{"start":{"line":61,"column":28},"end":{"line":61,"column":39}},"6":{"start":{"line":62,"column":23},"end":{"line":64,"column":3}},"7":{"start":{"line":63,"column":4},"end":{"line":63,"column":30}},"8":{"start":{"line":66,"column":22},"end":{"line":72,"column":3}},"9":{"start":{"line":67,"column":4},"end":{"line":71,"column":5}},"10":{"start":{"line":68,"column":6},"end":{"line":68,"column":26}},"11":{"start":{"line":70,"column":6},"end":{"line":70,"column":26}},"12":{"start":{"line":74,"column":2},"end":{"line":82,"column":14}},"13":{"start":{"line":75,"column":23},"end":{"line":80,"column":5}},"14":{"start":{"line":76,"column":18},"end":{"line":76,"column":55}},"15":{"start":{"line":77,"column":20},"end":{"line":77,"column":28}},"16":{"start":{"line":79,"column":6},"end":{"line":79,"column":25}},"17":{"start":{"line":81,"column":4},"end":{"line":81,"column":17}},"18":{"start":{"line":84,"column":2},"end":{"line":143,"column":4}},"19":{"start":{"line":102,"column":30},"end":{"line":102,"column":46}},"20":{"start":{"line":104,"column":14},"end":{"line":116,"column":16}},"21":{"start":{"line":123,"column":30},"end":{"line":123,"column":45}},"22":{"start":{"line":125,"column":14},"end":{"line":138,"column":16}}},"fnMap":{"0":{"name":"(anonymous_0)","decl":{"start":{"line":39,"column":16},"end":{"line":39,"column":17}},"loc":{"start":{"line":39,"column":22},"end":{"line":144,"column":1}},"line":39},"1":{"name":"(anonymous_1)","decl":{"start":{"line":62,"column":23},"end":{"line":62,"column":24}},"loc":{"start":{"line":62,"column":74},"end":{"line":64,"column":3}},"line":62},"2":{"name":"(anonymous_2)","decl":{"start":{"line":66,"column":22},"end":{"line":66,"column":23}},"loc":{"start":{"line":66,"column":28},"end":{"line":72,"column":3}},"line":66},"3":{"name":"(anonymous_3)","decl":{"start":{"line":74,"column":12},"end":{"line":74,"column":13}},"loc":{"start":{"line":74,"column":18},"end":{"line":82,"column":3}},"line":74},"4":{"name":"(anonymous_4)","decl":{"start":{"line":75,"column":23},"end":{"line":75,"column":24}},"loc":{"start":{"line":75,"column":35},"end":{"line":80,"column":5}},"line":75},"5":{"name":"(anonymous_5)","decl":{"start":{"line":102,"column":20},"end":{"line":102,"column":21}},"loc":{"start":{"line":102,"column":30},"end":{"line":102,"column":46}},"line":102},"6":{"name":"(anonymous_6)","decl":{"start":{"line":103,"column":17},"end":{"line":103,"column":18}},"loc":{"start":{"line":103,"column":33},"end":{"line":117,"column":13}},"line":103},"7":{"name":"(anonymous_7)","decl":{"start":{"line":123,"column":20},"end":{"line":123,"column":21}},"loc":{"start":{"line":123,"column":30},"end":{"line":123,"column":45}},"line":123},"8":{"name":"(anonymous_8)","decl":{"start":{"line":124,"column":17},"end":{"line":124,"column":18}},"loc":{"start":{"line":124,"column":33},"end":{"line":139,"column":13}},"line":124}},"branchMap":{"0":{"loc":{"start":{"line":67,"column":4},"end":{"line":71,"column":5}},"type":"if","locations":[{"start":{"line":67,"column":4},"end":{"line":71,"column":5}},{"start":{"line":69,"column":11},"end":{"line":71,"column":5}}],"line":67}},"s":{"0":0,"1":0,"2":0,"3":0,"4":0,"5":0,"6":0,"7":0,"8":0,"9":0,"10":0,"11":0,"12":0,"13":0,"14":0,"15":0,"16":0,"17":0,"18":0,"19":0,"20":0,"21":0,"22":0},"f":{"0":0,"1":0,"2":0,"3":0,"4":0,"5":0,"6":0,"7":0,"8":0},"b":{"0":[0,0]}}
,"/home/ritiC/Documents/blinklist/my-blinkist/src/Components/Templates/BookDetailView/Index.stories.tsx": {"path":"/home/ritiC/Documents/blinklist/my-blinkist/src/Components/Templates/BookDetailView/Index.stories.tsx","statementMap":{"0":{"start":{"line":13,"column":56},"end":{"line":15,"column":1}},"1":{"start":{"line":14,"column":2},"end":{"line":14,"column":30}},"2":{"start":{"line":17,"column":31},"end":{"line":17,"column":48}},"3":{"start":{"line":18,"column":0},"end":{"line":24,"column":2}}},"fnMap":{"0":{"name":"(anonymous_0)","decl":{"start":{"line":13,"column":56},"end":{"line":13,"column":57}},"loc":{"start":{"line":14,"column":2},"end":{"line":14,"column":30}},"line":14}},"branchMap":{},"s":{"0":0,"1":0,"2":0,"3":0},"f":{"0":0},"b":{}}
,"/home/ritiC/Documents/blinklist/my-blinkist/src/Components/Templates/BookDetailView/Index.tsx": {"path":"/home/ritiC/Documents/blinklist/my-blinkist/src/Components/Templates/BookDetailView/Index.tsx","statementMap":{"0":{"start":{"line":10,"column":23},"end":{"line":20,"column":1}},"1":{"start":{"line":11,"column":2},"end":{"line":19,"column":4}}},"fnMap":{"0":{"name":"(anonymous_0)","decl":{"start":{"line":10,"column":23},"end":{"line":10,"column":24}},"loc":{"start":{"line":10,"column":41},"end":{"line":20,"column":1}},"line":10}},"branchMap":{},"s":{"0":0,"1":0},"f":{"0":0},"b":{}}
,"/home/ritiC/Documents/blinklist/my-blinkist/src/Components/Templates/Entrepreneurship/Index.stories.tsx": {"path":"/home/ritiC/Documents/blinklist/my-blinkist/src/Components/Templates/Entrepreneurship/Index.stories.tsx","statementMap":{"0":{"start":{"line":14,"column":58},"end":{"line":16,"column":1}},"1":{"start":{"line":15,"column":4},"end":{"line":15,"column":34}},"2":{"start":{"line":18,"column":37},"end":{"line":18,"column":54}},"3":{"start":{"line":19,"column":0},"end":{"line":24,"column":1}}},"fnMap":{"0":{"name":"(anonymous_0)","decl":{"start":{"line":14,"column":58},"end":{"line":14,"column":59}},"loc":{"start":{"line":15,"column":4},"end":{"line":15,"column":34}},"line":15}},"branchMap":{},"s":{"0":0,"1":0,"2":0,"3":0},"f":{"0":0},"b":{}}
,"/home/ritiC/Documents/blinklist/my-blinkist/src/Components/Templates/Entrepreneurship/Index.tsx": {"path":"/home/ritiC/Documents/blinklist/my-blinkist/src/Components/Templates/Entrepreneurship/Index.tsx","statementMap":{"0":{"start":{"line":16,"column":18},"end":{"line":51,"column":2}},"1":{"start":{"line":53,"column":25},"end":{"line":120,"column":1}},"2":{"start":{"line":54,"column":18},"end":{"line":54,"column":29}},"3":{"start":{"line":55,"column":36},"end":{"line":72,"column":4}},"4":{"start":{"line":84,"column":2},"end":{"line":119,"column":4}}},"fnMap":{"0":{"name":"(anonymous_0)","decl":{"start":{"line":53,"column":25},"end":{"line":53,"column":26}},"loc":{"start":{"line":53,"column":43},"end":{"line":120,"column":1}},"line":53}},"branchMap":{},"s":{"0":0,"1":0,"2":0,"3":0,"4":0},"f":{"0":0},"b":{}}
,"/home/ritiC/Documents/blinklist/my-blinkist/src/Components/Templates/MyLibrary/Index.stories.tsx": {"path":"/home/ritiC/Documents/blinklist/my-blinkist/src/Components/Templates/MyLibrary/Index.stories.tsx","statementMap":{"0":{"start":{"line":12,"column":52},"end":{"line":14,"column":1}},"1":{"start":{"line":13,"column":4},"end":{"line":13,"column":26}},"2":{"start":{"line":16,"column":31},"end":{"line":16,"column":48}},"3":{"start":{"line":17,"column":0},"end":{"line":20,"column":1}}},"fnMap":{"0":{"name":"(anonymous_0)","decl":{"start":{"line":12,"column":52},"end":{"line":12,"column":53}},"loc":{"start":{"line":13,"column":4},"end":{"line":13,"column":26}},"line":13}},"branchMap":{},"s":{"0":0,"1":0,"2":0,"3":0},"f":{"0":0},"b":{}}
,"/home/ritiC/Documents/blinklist/my-blinkist/src/Components/Templates/MyLibrary/Index.tsx": {"path":"/home/ritiC/Documents/blinklist/my-blinkist/src/Components/Templates/MyLibrary/Index.tsx","statementMap":{"0":{"start":{"line":12,"column":18},"end":{"line":43,"column":2}},"1":{"start":{"line":45,"column":18},"end":{"line":63,"column":1}},"2":{"start":{"line":46,"column":18},"end":{"line":46,"column":29}},"3":{"start":{"line":47,"column":2},"end":{"line":62,"column":4}}},"fnMap":{"0":{"name":"(anonymous_0)","decl":{"start":{"line":45,"column":18},"end":{"line":45,"column":19}},"loc":{"start":{"line":45,"column":36},"end":{"line":63,"column":1}},"line":45}},"branchMap":{},"s":{"0":0,"1":0,"2":0,"3":0},"f":{"0":0},"b":{}}
,"/home/ritiC/Documents/blinklist/my-blinkist/src/Components/Theme/Theme.tsx": {"path":"/home/ritiC/Documents/blinklist/my-blinkist/src/Components/Theme/Theme.tsx","statementMap":{"0":{"start":{"line":4,"column":14},"end":{"line":86,"column":2}}},"fnMap":{},"branchMap":{},"s":{"0":1},"f":{},"b":{},"_coverageSchema":"1a1c01bbd47fc00a2c39e90264f33305004495a9","hash":"2079c744d2aaba33b43406c0aa1130ea66b706b9"}
,"/home/ritiC/Documents/blinklist/my-blinkist/src/Constants/Colors.tsx": {"path":"/home/ritiC/Documents/blinklist/my-blinkist/src/Constants/Colors.tsx","statementMap":{"0":{"start":{"line":1,"column":16},"end":{"line":19,"column":1}}},"fnMap":{},"branchMap":{},"s":{"0":1},"f":{},"b":{},"_coverageSchema":"1a1c01bbd47fc00a2c39e90264f33305004495a9","hash":"592375d479b913b2311cfcf0bcb3fccefd57c431"}
,"/home/ritiC/Documents/blinklist/my-blinkist/src/Pages/BookDetailView/Index.stories.tsx": {"path":"/home/ritiC/Documents/blinklist/my-blinkist/src/Pages/BookDetailView/Index.stories.tsx","statementMap":{},"fnMap":{},"branchMap":{},"s":{},"f":{},"b":{}}
,"/home/ritiC/Documents/blinklist/my-blinkist/src/Pages/BookDetailView/Index.tsx": {"path":"/home/ritiC/Documents/blinklist/my-blinkist/src/Pages/BookDetailView/Index.tsx","statementMap":{"0":{"start":{"line":7,"column":27},"end":{"line":15,"column":1}},"1":{"start":{"line":8,"column":4},"end":{"line":14,"column":5}}},"fnMap":{"0":{"name":"(anonymous_0)","decl":{"start":{"line":7,"column":27},"end":{"line":7,"column":28}},"loc":{"start":{"line":7,"column":33},"end":{"line":15,"column":1}},"line":7}},"branchMap":{},"s":{"0":0,"1":0},"f":{"0":0},"b":{}}
,"/home/ritiC/Documents/blinklist/my-blinkist/src/Pages/Entrepreneurship/Index.stories.tsx": {"path":"/home/ritiC/Documents/blinklist/my-blinkist/src/Pages/Entrepreneurship/Index.stories.tsx","statementMap":{"0":{"start":{"line":9,"column":52},"end":{"line":11,"column":1}},"1":{"start":{"line":10,"column":4},"end":{"line":10,"column":16}},"2":{"start":{"line":13,"column":36},"end":{"line":13,"column":53}}},"fnMap":{"0":{"name":"(anonymous_0)","decl":{"start":{"line":9,"column":52},"end":{"line":9,"column":53}},"loc":{"start":{"line":10,"column":4},"end":{"line":10,"column":16}},"line":10}},"branchMap":{},"s":{"0":0,"1":0,"2":0},"f":{"0":0},"b":{}}
,"/home/ritiC/Documents/blinklist/my-blinkist/src/Pages/Entrepreneurship/Index.tsx": {"path":"/home/ritiC/Documents/blinklist/my-blinkist/src/Pages/Entrepreneurship/Index.tsx","statementMap":{"0":{"start":{"line":9,"column":18},"end":{"line":20,"column":1}},"1":{"start":{"line":10,"column":2},"end":{"line":19,"column":4}}},"fnMap":{"0":{"name":"(anonymous_0)","decl":{"start":{"line":9,"column":18},"end":{"line":9,"column":19}},"loc":{"start":{"line":9,"column":24},"end":{"line":20,"column":1}},"line":9}},"branchMap":{},"s":{"0":0,"1":0},"f":{"0":0},"b":{}}
,"/home/ritiC/Documents/blinklist/my-blinkist/src/Pages/Login/Index.tsx": {"path":"/home/ritiC/Documents/blinklist/my-blinkist/src/Pages/Login/Index.tsx","statementMap":{"0":{"start":{"line":8,"column":18},"end":{"line":30,"column":2}},"1":{"start":{"line":32,"column":18},"end":{"line":80,"column":1}},"2":{"start":{"line":33,"column":17},"end":{"line":33,"column":28}},"3":{"start":{"line":34,"column":31},"end":{"line":34,"column":41}},"4":{"start":{"line":36,"column":1},"end":{"line":79,"column":3}},"5":{"start":{"line":63,"column":19},"end":{"line":63,"column":63}},"6":{"start":{"line":73,"column":19},"end":{"line":73,"column":38}}},"fnMap":{"0":{"name":"(anonymous_0)","decl":{"start":{"line":32,"column":18},"end":{"line":32,"column":19}},"loc":{"start":{"line":32,"column":24},"end":{"line":80,"column":1}},"line":32},"1":{"name":"(anonymous_1)","decl":{"start":{"line":63,"column":13},"end":{"line":63,"column":14}},"loc":{"start":{"line":63,"column":19},"end":{"line":63,"column":63}},"line":63},"2":{"name":"(anonymous_2)","decl":{"start":{"line":73,"column":13},"end":{"line":73,"column":14}},"loc":{"start":{"line":73,"column":19},"end":{"line":73,"column":38}},"line":73}},"branchMap":{},"s":{"0":0,"1":0,"2":0,"3":0,"4":0,"5":0,"6":0},"f":{"0":0,"1":0,"2":0},"b":{}}
,"/home/ritiC/Documents/blinklist/my-blinkist/src/Pages/MyLibrary/Index.stories.tsx": {"path":"/home/ritiC/Documents/blinklist/my-blinkist/src/Pages/MyLibrary/Index.stories.tsx","statementMap":{"0":{"start":{"line":10,"column":53},"end":{"line":12,"column":1}},"1":{"start":{"line":11,"column":4},"end":{"line":11,"column":17}},"2":{"start":{"line":14,"column":24},"end":{"line":14,"column":41}}},"fnMap":{"0":{"name":"(anonymous_0)","decl":{"start":{"line":10,"column":53},"end":{"line":10,"column":54}},"loc":{"start":{"line":11,"column":4},"end":{"line":11,"column":17}},"line":11}},"branchMap":{},"s":{"0":0,"1":0,"2":0},"f":{"0":0},"b":{}}
,"/home/ritiC/Documents/blinklist/my-blinkist/src/Pages/MyLibrary/Index.tsx": {"path":"/home/ritiC/Documents/blinklist/my-blinkist/src/Pages/MyLibrary/Index.tsx","statementMap":{"0":{"start":{"line":6,"column":19},"end":{"line":15,"column":1}},"1":{"start":{"line":7,"column":4},"end":{"line":14,"column":5}}},"fnMap":{"0":{"name":"(anonymous_0)","decl":{"start":{"line":6,"column":19},"end":{"line":6,"column":20}},"loc":{"start":{"line":6,"column":25},"end":{"line":15,"column":1}},"line":6}},"branchMap":{},"s":{"0":0,"1":0},"f":{"0":0},"b":{}}
,"/home/ritiC/Documents/blinklist/my-blinkist/src/stories/Button.stories.tsx": {"path":"/home/ritiC/Documents/blinklist/my-blinkist/src/stories/Button.stories.tsx","statementMap":{"0":{"start":{"line":17,"column":48},"end":{"line":17,"column":78}},"1":{"start":{"line":17,"column":58},"end":{"line":17,"column":78}},"2":{"start":{"line":19,"column":23},"end":{"line":19,"column":40}},"3":{"start":{"line":21,"column":0},"end":{"line":24,"column":2}},"4":{"start":{"line":26,"column":25},"end":{"line":26,"column":42}},"5":{"start":{"line":27,"column":0},"end":{"line":29,"column":2}},"6":{"start":{"line":31,"column":21},"end":{"line":31,"column":38}},"7":{"start":{"line":32,"column":0},"end":{"line":35,"column":2}},"8":{"start":{"line":37,"column":21},"end":{"line":37,"column":38}},"9":{"start":{"line":38,"column":0},"end":{"line":41,"column":2}}},"fnMap":{"0":{"name":"(anonymous_0)","decl":{"start":{"line":17,"column":48},"end":{"line":17,"column":49}},"loc":{"start":{"line":17,"column":58},"end":{"line":17,"column":78}},"line":17}},"branchMap":{},"s":{"0":0,"1":0,"2":0,"3":0,"4":0,"5":0,"6":0,"7":0,"8":0,"9":0},"f":{"0":0},"b":{}}
,"/home/ritiC/Documents/blinklist/my-blinkist/src/stories/Button.tsx": {"path":"/home/ritiC/Documents/blinklist/my-blinkist/src/stories/Button.tsx","statementMap":{"0":{"start":{"line":30,"column":22},"end":{"line":48,"column":1}},"1":{"start":{"line":37,"column":15},"end":{"line":37,"column":84}},"2":{"start":{"line":38,"column":2},"end":{"line":47,"column":4}}},"fnMap":{"0":{"name":"(anonymous_0)","decl":{"start":{"line":30,"column":22},"end":{"line":30,"column":23}},"loc":{"start":{"line":36,"column":19},"end":{"line":48,"column":1}},"line":36}},"branchMap":{"0":{"loc":{"start":{"line":31,"column":2},"end":{"line":31,"column":17}},"type":"default-arg","locations":[{"start":{"line":31,"column":12},"end":{"line":31,"column":17}}],"line":31},"1":{"loc":{"start":{"line":32,"column":2},"end":{"line":32,"column":17}},"type":"default-arg","locations":[{"start":{"line":32,"column":9},"end":{"line":32,"column":17}}],"line":32},"2":{"loc":{"start":{"line":37,"column":15},"end":{"line":37,"column":84}},"type":"cond-expr","locations":[{"start":{"line":37,"column":25},"end":{"line":37,"column":52}},{"start":{"line":37,"column":55},"end":{"line":37,"column":84}}],"line":37}},"s":{"0":0,"1":0,"2":0},"f":{"0":0},"b":{"0":[0],"1":[0],"2":[0,0]}}
,"/home/ritiC/Documents/blinklist/my-blinkist/src/stories/Header.stories.tsx": {"path":"/home/ritiC/Documents/blinklist/my-blinkist/src/stories/Header.stories.tsx","statementMap":{"0":{"start":{"line":15,"column":48},"end":{"line":15,"column":78}},"1":{"start":{"line":15,"column":58},"end":{"line":15,"column":78}},"2":{"start":{"line":17,"column":24},"end":{"line":17,"column":41}},"3":{"start":{"line":18,"column":0},"end":{"line":22,"column":2}},"4":{"start":{"line":24,"column":25},"end":{"line":24,"column":42}},"5":{"start":{"line":25,"column":0},"end":{"line":25,"column":20}}},"fnMap":{"0":{"name":"(anonymous_0)","decl":{"start":{"line":15,"column":48},"end":{"line":15,"column":49}},"loc":{"start":{"line":15,"column":58},"end":{"line":15,"column":78}},"line":15}},"branchMap":{},"s":{"0":0,"1":0,"2":0,"3":0,"4":0,"5":0},"f":{"0":0},"b":{}}
,"/home/ritiC/Documents/blinklist/my-blinkist/src/stories/Header.tsx": {"path":"/home/ritiC/Documents/blinklist/my-blinkist/src/stories/Header.tsx","statementMap":{"0":{"start":{"line":17,"column":22},"end":{"line":56,"column":1}},"1":{"start":{"line":18,"column":2},"end":{"line":55,"column":11}}},"fnMap":{"0":{"name":"(anonymous_0)","decl":{"start":{"line":17,"column":22},"end":{"line":17,"column":23}},"loc":{"start":{"line":18,"column":2},"end":{"line":55,"column":11}},"line":18}},"branchMap":{"0":{"loc":{"start":{"line":40,"column":9},"end":{"line":52,"column":9}},"type":"cond-expr","locations":[{"start":{"line":41,"column":10},"end":{"line":46,"column":13}},{"start":{"line":48,"column":10},"end":{"line":51,"column":13}}],"line":40}},"s":{"0":0,"1":0},"f":{"0":0},"b":{"0":[0,0]}}
,"/home/ritiC/Documents/blinklist/my-blinkist/src/stories/Page.stories.tsx": {"path":"/home/ritiC/Documents/blinklist/my-blinkist/src/stories/Page.stories.tsx","statementMap":{"0":{"start":{"line":15,"column":46},"end":{"line":15,"column":74}},"1":{"start":{"line":15,"column":56},"end":{"line":15,"column":74}},"2":{"start":{"line":17,"column":25},"end":{"line":17,"column":42}},"3":{"start":{"line":19,"column":24},"end":{"line":19,"column":41}},"4":{"start":{"line":22,"column":0},"end":{"line":26,"column":2}},"5":{"start":{"line":23,"column":17},"end":{"line":23,"column":38}},"6":{"start":{"line":24,"column":22},"end":{"line":24,"column":75}},"7":{"start":{"line":25,"column":2},"end":{"line":25,"column":37}}},"fnMap":{"0":{"name":"(anonymous_0)","decl":{"start":{"line":15,"column":46},"end":{"line":15,"column":47}},"loc":{"start":{"line":15,"column":56},"end":{"line":15,"column":74}},"line":15},"1":{"name":"(anonymous_1)","decl":{"start":{"line":22,"column":16},"end":{"line":22,"column":17}},"loc":{"start":{"line":22,"column":45},"end":{"line":26,"column":1}},"line":22}},"branchMap":{},"s":{"0":0,"1":0,"2":0,"3":0,"4":0,"5":0,"6":0,"7":0},"f":{"0":0,"1":0},"b":{}}
,"/home/ritiC/Documents/blinklist/my-blinkist/src/stories/Page.tsx": {"path":"/home/ritiC/Documents/blinklist/my-blinkist/src/stories/Page.tsx","statementMap":{"0":{"start":{"line":10,"column":31},"end":{"line":73,"column":1}},"1":{"start":{"line":11,"column":26},"end":{"line":11,"column":48}},"2":{"start":{"line":13,"column":2},"end":{"line":72,"column":4}},"3":{"start":{"line":17,"column":23},"end":{"line":17,"column":52}},"4":{"start":{"line":18,"column":24},"end":{"line":18,"column":42}},"5":{"start":{"line":19,"column":31},"end":{"line":19,"column":60}}},"fnMap":{"0":{"name":"(anonymous_0)","decl":{"start":{"line":10,"column":31},"end":{"line":10,"column":32}},"loc":{"start":{"line":10,"column":37},"end":{"line":73,"column":1}},"line":10},"1":{"name":"(anonymous_1)","decl":{"start":{"line":17,"column":17},"end":{"line":17,"column":18}},"loc":{"start":{"line":17,"column":23},"end":{"line":17,"column":52}},"line":17},"2":{"name":"(anonymous_2)","decl":{"start":{"line":18,"column":18},"end":{"line":18,"column":19}},"loc":{"start":{"line":18,"column":24},"end":{"line":18,"column":42}},"line":18},"3":{"name":"(anonymous_3)","decl":{"start":{"line":19,"column":25},"end":{"line":19,"column":26}},"loc":{"start":{"line":19,"column":31},"end":{"line":19,"column":60}},"line":19}},"branchMap":{},"s":{"0":0,"1":0,"2":0,"3":0,"4":0,"5":0},"f":{"0":0,"1":0,"2":0,"3":0},"b":{}}
}
